[ 2017-02-14T15:46:28+08:00 ] ::1 /server/jusland_wx/
INFO: [ app_begin ] --START--
INFO: Run Behavior\ReadHtmlCache [ RunTime:0.001000s ]
INFO: [ app_begin ] --END-- [ RunTime:0.001000s ]
INFO: [ view_parse ] --START--
INFO: [ template_filter ] --START--
INFO: Run Behavior\ContentReplace [ RunTime:0.001001s ]
INFO: [ template_filter ] --END-- [ RunTime:0.001001s ]
INFO: Run Behavior\ParseTemplate [ RunTime:0.010001s ]
INFO: [ view_parse ] --END-- [ RunTime:0.010001s ]
INFO: [ view_filter ] --START--
INFO: Run Behavior\WriteHtmlCache [ RunTime:0.000000s ]
INFO: [ view_filter ] --END-- [ RunTime:0.000000s ]
INFO: [ app_end ] --START--
INFO: Run Behavior\ShowPageTrace [ RunTime:0.001000s ]
INFO: [ app_end ] --END-- [ RunTime:0.001000s ]

[ 2017-02-14T16:22:46+08:00 ] 114.250.250.60 /
INFO: [ app_begin ] --START--
INFO: Run Behavior\ReadHtmlCache [ RunTime:0.000378s ]
INFO: [ app_begin ] --END-- [ RunTime:0.000668s ]
INFO: [ view_parse ] --START--
NOTIC: [2] ucfirst() expects parameter 1 to be string, array given /var/www/html/JUSLAND_WX/ThinkPHP/Library/Think/Storage.class.php 第 36 行.
INFO: Run Behavior\ParseTemplate [ RunTime:0.000152s ]
INFO: [ view_parse ] --END-- [ RunTime:0.000210s ]
INFO: [ view_filter ] --START--
INFO: Run Behavior\WriteHtmlCache [ RunTime:0.000103s ]
INFO: [ view_filter ] --END-- [ RunTime:0.000148s ]
INFO: [ app_end ] --START--
INFO: Run Behavior\ShowPageTrace [ RunTime:0.000388s ]
INFO: [ app_end ] --END-- [ RunTime:0.000436s ]

[ 2017-02-14T16:23:36+08:00 ] 101.226.62.83 /?signature=6e2319ee24862a8f5bb437a1dc6a5d15235065ed&echostr=4591930227507331070&timestamp=1487060478&nonce=1526447455
INFO: [ app_begin ] --START--
INFO: Run Behavior\ReadHtmlCache [ RunTime:0.000376s ]
INFO: [ app_begin ] --END-- [ RunTime:0.000651s ]
INFO: [ view_parse ] --START--
NOTIC: [2] ucfirst() expects parameter 1 to be string, array given /var/www/html/JUSLAND_WX/ThinkPHP/Library/Think/Storage.class.php 第 36 行.
INFO: Run Behavior\ParseTemplate [ RunTime:0.000146s ]
INFO: [ view_parse ] --END-- [ RunTime:0.000198s ]
INFO: [ view_filter ] --START--
INFO: Run Behavior\WriteHtmlCache [ RunTime:0.000101s ]
INFO: [ view_filter ] --END-- [ RunTime:0.000147s ]
INFO: [ app_end ] --START--
INFO: Run Behavior\ShowPageTrace [ RunTime:0.000381s ]
INFO: [ app_end ] --END-- [ RunTime:0.000429s ]

[ 2017-02-14T16:24:05+08:00 ] 101.226.62.83 /?signature=2182ab3a42fed1bfcc36ed4710180d6fe40af4fc&echostr=7073474391676534495&timestamp=1487060506&nonce=303058390
INFO: [ app_begin ] --START--
INFO: Run Behavior\ReadHtmlCache [ RunTime:0.000368s ]
INFO: [ app_begin ] --END-- [ RunTime:0.000647s ]
INFO: [ view_parse ] --START--
NOTIC: [2] ucfirst() expects parameter 1 to be string, array given /var/www/html/JUSLAND_WX/ThinkPHP/Library/Think/Storage.class.php 第 36 行.
INFO: Run Behavior\ParseTemplate [ RunTime:0.000144s ]
INFO: [ view_parse ] --END-- [ RunTime:0.000196s ]
INFO: [ view_filter ] --START--
INFO: Run Behavior\WriteHtmlCache [ RunTime:0.000093s ]
INFO: [ view_filter ] --END-- [ RunTime:0.000140s ]
INFO: [ app_end ] --START--
INFO: Run Behavior\ShowPageTrace [ RunTime:0.000386s ]
INFO: [ app_end ] --END-- [ RunTime:0.000434s ]

[ 2017-02-14T16:24:06+08:00 ] 101.226.62.83 /?signature=c68690f2a9b2797983e1a37b7b16e5c2f62d3ea1&echostr=4892139692107235167&timestamp=1487060507&nonce=537573306
INFO: [ app_begin ] --START--
INFO: Run Behavior\ReadHtmlCache [ RunTime:0.000375s ]
INFO: [ app_begin ] --END-- [ RunTime:0.000651s ]
INFO: [ view_parse ] --START--
NOTIC: [2] ucfirst() expects parameter 1 to be string, array given /var/www/html/JUSLAND_WX/ThinkPHP/Library/Think/Storage.class.php 第 36 行.
INFO: Run Behavior\ParseTemplate [ RunTime:0.000146s ]
INFO: [ view_parse ] --END-- [ RunTime:0.000197s ]
INFO: [ view_filter ] --START--
INFO: Run Behavior\WriteHtmlCache [ RunTime:0.000094s ]
INFO: [ view_filter ] --END-- [ RunTime:0.000141s ]
INFO: [ app_end ] --START--
INFO: Run Behavior\ShowPageTrace [ RunTime:0.000380s ]
INFO: [ app_end ] --END-- [ RunTime:0.000428s ]

[ 2017-02-14T16:36:24+08:00 ] 101.226.62.83 /?signature=5523b84c9ecc250140c5f11921580650256e3447&echostr=7587834391731627263&timestamp=1487061246&nonce=189091146
INFO: [ app_begin ] --START--
INFO: Run Behavior\ReadHtmlCache [ RunTime:0.000370s ]
INFO: [ app_begin ] --END-- [ RunTime:0.000649s ]
INFO: [ view_parse ] --START--
NOTIC: [2] ucfirst() expects parameter 1 to be string, array given /var/www/html/JUSLAND_WX/ThinkPHP/Library/Think/Storage.class.php 第 36 行.
INFO: Run Behavior\ParseTemplate [ RunTime:0.000144s ]
INFO: [ view_parse ] --END-- [ RunTime:0.000195s ]
INFO: [ view_filter ] --START--
INFO: Run Behavior\WriteHtmlCache [ RunTime:0.000088s ]
INFO: [ view_filter ] --END-- [ RunTime:0.000134s ]
INFO: [ app_end ] --START--
INFO: Run Behavior\ShowPageTrace [ RunTime:0.000382s ]
INFO: [ app_end ] --END-- [ RunTime:0.000429s ]

[ 2017-02-14T16:36:26+08:00 ] 101.226.62.83 /?signature=e018b2c54a54ebe502c026011ac28437cb5587c7&echostr=6202684031120692991&timestamp=1487061247&nonce=983753337
INFO: [ app_begin ] --START--
INFO: Run Behavior\ReadHtmlCache [ RunTime:0.000368s ]
INFO: [ app_begin ] --END-- [ RunTime:0.000646s ]
INFO: [ view_parse ] --START--
NOTIC: [2] ucfirst() expects parameter 1 to be string, array given /var/www/html/JUSLAND_WX/ThinkPHP/Library/Think/Storage.class.php 第 36 行.
INFO: Run Behavior\ParseTemplate [ RunTime:0.000144s ]
INFO: [ view_parse ] --END-- [ RunTime:0.000196s ]
INFO: [ view_filter ] --START--
INFO: Run Behavior\WriteHtmlCache [ RunTime:0.000092s ]
INFO: [ view_filter ] --END-- [ RunTime:0.000139s ]
INFO: [ app_end ] --START--
INFO: Run Behavior\ShowPageTrace [ RunTime:0.000378s ]
INFO: [ app_end ] --END-- [ RunTime:0.000426s ]

[ 2017-02-14T16:36:30+08:00 ] 101.226.62.83 /?signature=993629eeb5b1275a2c41b800267bec5cbf812d4d&echostr=3310670761603553591&timestamp=1487061251&nonce=2018106567
INFO: [ app_begin ] --START--
INFO: Run Behavior\ReadHtmlCache [ RunTime:0.000374s ]
INFO: [ app_begin ] --END-- [ RunTime:0.000650s ]
INFO: [ view_parse ] --START--
NOTIC: [2] ucfirst() expects parameter 1 to be string, array given /var/www/html/JUSLAND_WX/ThinkPHP/Library/Think/Storage.class.php 第 36 行.
INFO: Run Behavior\ParseTemplate [ RunTime:0.000143s ]
INFO: [ view_parse ] --END-- [ RunTime:0.000194s ]
INFO: [ view_filter ] --START--
INFO: Run Behavior\WriteHtmlCache [ RunTime:0.000084s ]
INFO: [ view_filter ] --END-- [ RunTime:0.000131s ]
INFO: [ app_end ] --START--
INFO: Run Behavior\ShowPageTrace [ RunTime:0.000387s ]
INFO: [ app_end ] --END-- [ RunTime:0.000435s ]

[ 2017-02-14T16:41:04+08:00 ] 101.226.62.83 /?signature=c386c887055634edc7bd4d85cb30915fa5efc8e1&echostr=638887437723231903&timestamp=1487061525&nonce=1509461704
INFO: [ app_begin ] --START--
INFO: Run Behavior\ReadHtmlCache [ RunTime:0.000379s ]
INFO: [ app_begin ] --END-- [ RunTime:0.000659s ]
INFO: [ view_parse ] --START--
NOTIC: [2] ucfirst() expects parameter 1 to be string, array given /var/www/html/JUSLAND_WX/ThinkPHP/Library/Think/Storage.class.php 第 36 行.
INFO: Run Behavior\ParseTemplate [ RunTime:0.000146s ]
INFO: [ view_parse ] --END-- [ RunTime:0.000197s ]
INFO: [ view_filter ] --START--
INFO: Run Behavior\WriteHtmlCache [ RunTime:0.000090s ]
INFO: [ view_filter ] --END-- [ RunTime:0.000136s ]
INFO: [ app_end ] --START--
INFO: Run Behavior\ShowPageTrace [ RunTime:0.000390s ]
INFO: [ app_end ] --END-- [ RunTime:0.000437s ]

[ 2017-02-14T16:41:05+08:00 ] 101.226.62.83 /?signature=299c78062855be2958f4d68647cb952c0f8cf919&echostr=6743247803309030207&timestamp=1487061526&nonce=38465245
INFO: [ app_begin ] --START--
INFO: Run Behavior\ReadHtmlCache [ RunTime:0.000381s ]
INFO: [ app_begin ] --END-- [ RunTime:0.000662s ]
INFO: [ view_parse ] --START--
NOTIC: [2] ucfirst() expects parameter 1 to be string, array given /var/www/html/JUSLAND_WX/ThinkPHP/Library/Think/Storage.class.php 第 36 行.
INFO: Run Behavior\ParseTemplate [ RunTime:0.000143s ]
INFO: [ view_parse ] --END-- [ RunTime:0.000194s ]
INFO: [ view_filter ] --START--
INFO: Run Behavior\WriteHtmlCache [ RunTime:0.000099s ]
INFO: [ view_filter ] --END-- [ RunTime:0.000146s ]
INFO: [ app_end ] --START--
INFO: Run Behavior\ShowPageTrace [ RunTime:0.000386s ]
INFO: [ app_end ] --END-- [ RunTime:0.000441s ]

[ 2017-02-14T16:41:06+08:00 ] 101.226.62.83 /?signature=481f7dc0d47df62b81790dd7f3107e2309094889&echostr=2779911150549323423&timestamp=1487061527&nonce=316239888
INFO: [ app_begin ] --START--
INFO: Run Behavior\ReadHtmlCache [ RunTime:0.000369s ]
INFO: [ app_begin ] --END-- [ RunTime:0.000656s ]
INFO: [ view_parse ] --START--
NOTIC: [2] ucfirst() expects parameter 1 to be string, array given /var/www/html/JUSLAND_WX/ThinkPHP/Library/Think/Storage.class.php 第 36 行.
INFO: Run Behavior\ParseTemplate [ RunTime:0.000143s ]
INFO: [ view_parse ] --END-- [ RunTime:0.000194s ]
INFO: [ view_filter ] --START--
INFO: Run Behavior\WriteHtmlCache [ RunTime:0.000086s ]
INFO: [ view_filter ] --END-- [ RunTime:0.000132s ]
INFO: [ app_end ] --START--
INFO: Run Behavior\ShowPageTrace [ RunTime:0.000387s ]
INFO: [ app_end ] --END-- [ RunTime:0.000435s ]

[ 2017-02-14T16:42:49+08:00 ] 101.226.62.83 /?signature=e75320147fd6825f08ed7416d0309b144cbd0493&echostr=3796558096867188606&timestamp=1487061630&nonce=303393016
INFO: [ app_begin ] --START--
INFO: Run Behavior\ReadHtmlCache [ RunTime:0.000374s ]
INFO: [ app_begin ] --END-- [ RunTime:0.000651s ]

[ 2017-02-14T16:42:50+08:00 ] 101.226.62.83 /?signature=c7c8d9a7e817dcec6ed3c49e50905d9c9de09f05&echostr=7577184479710010367&timestamp=1487061631&nonce=791259305
INFO: [ app_begin ] --START--
INFO: Run Behavior\ReadHtmlCache [ RunTime:0.000369s ]
INFO: [ app_begin ] --END-- [ RunTime:0.000651s ]

[ 2017-02-14T16:42:51+08:00 ] 101.226.62.83 /?signature=003645771f8d157279a193cab36923852c7b5dc3&echostr=5724938902174420615&timestamp=1487061632&nonce=382387144
INFO: [ app_begin ] --START--
INFO: Run Behavior\ReadHtmlCache [ RunTime:0.000371s ]
INFO: [ app_begin ] --END-- [ RunTime:0.000653s ]

[ 2017-02-14T16:42:51+08:00 ] 101.226.62.83 /?signature=7cb7302a88a7c8d1e9c250f348805072b0288294&echostr=2867087810671593173&timestamp=1487061632&nonce=1644169807
INFO: [ app_begin ] --START--
INFO: Run Behavior\ReadHtmlCache [ RunTime:0.000368s ]
INFO: [ app_begin ] --END-- [ RunTime:0.000652s ]

[ 2017-02-14T16:42:51+08:00 ] 101.226.62.83 /?signature=a2088c17bb1af9f00dd89df37ec809e06e6e26f6&echostr=4308717618123959005&timestamp=1487061632&nonce=366794616
INFO: [ app_begin ] --START--
INFO: Run Behavior\ReadHtmlCache [ RunTime:0.000380s ]
INFO: [ app_begin ] --END-- [ RunTime:0.000666s ]

[ 2017-02-14T16:42:51+08:00 ] 101.226.62.83 /?signature=a2c7d3b9bd35d17cf63962fac28a969c3497a6f5&echostr=1631870214871440325&timestamp=1487061632&nonce=2066767685
INFO: [ app_begin ] --START--
INFO: Run Behavior\ReadHtmlCache [ RunTime:0.000372s ]
INFO: [ app_begin ] --END-- [ RunTime:0.000651s ]

[ 2017-02-14T16:42:51+08:00 ] 101.226.62.83 /?signature=161cc5768277ec9196632592b3a91818ab3555c2&echostr=3484418531093833627&timestamp=1487061632&nonce=256965659
INFO: [ app_begin ] --START--
INFO: Run Behavior\ReadHtmlCache [ RunTime:0.000370s ]
INFO: [ app_begin ] --END-- [ RunTime:0.000642s ]

[ 2017-02-14T16:43:52+08:00 ] 101.226.62.83 /?signature=973b29ca7515e40c4d0de4278d9d0211e8faff98&echostr=5132621388430961663&timestamp=1487061693&nonce=495330923
INFO: [ app_begin ] --START--
INFO: Run Behavior\ReadHtmlCache [ RunTime:0.000372s ]
INFO: [ app_begin ] --END-- [ RunTime:0.000653s ]

[ 2017-02-14T16:43:53+08:00 ] 101.226.62.83 /?signature=d9fddc1aaeed15a0e6d3fff7b36aaa798dca9e54&echostr=4909879337838633663&timestamp=1487061694&nonce=325466008
INFO: [ app_begin ] --START--
INFO: Run Behavior\ReadHtmlCache [ RunTime:0.000366s ]
INFO: [ app_begin ] --END-- [ RunTime:0.000640s ]

[ 2017-02-14T16:44:29+08:00 ] 101.226.62.84 /?signature=e276b9a10e57e43f99a1797d02cabbb808bffd2b&echostr=7152637755119819510&timestamp=1487061730&nonce=363113107
INFO: [ app_begin ] --START--
INFO: Run Behavior\ReadHtmlCache [ RunTime:0.000366s ]
INFO: [ app_begin ] --END-- [ RunTime:0.000648s ]

[ 2017-02-14T16:44:30+08:00 ] 101.226.62.83 /?signature=09c3c8b45d31fb263244a568aa1a5980149b3ed4&echostr=4209158296846655475&timestamp=1487061731&nonce=304617238
INFO: [ app_begin ] --START--
INFO: Run Behavior\ReadHtmlCache [ RunTime:0.000377s ]
INFO: [ app_begin ] --END-- [ RunTime:0.000658s ]

[ 2017-02-14T16:44:30+08:00 ] 101.226.62.83 /?signature=1a629fcf7c72f81058b8b5c2b35197527b42c59f&echostr=2816432932555047659&timestamp=1487061731&nonce=990439076
INFO: [ app_begin ] --START--
INFO: Run Behavior\ReadHtmlCache [ RunTime:0.000371s ]
INFO: [ app_begin ] --END-- [ RunTime:0.000651s ]

[ 2017-02-14T16:44:30+08:00 ] 101.226.62.83 /?signature=27e0b6a73599b5e0aa925b65ab46a2b6a69a1707&echostr=8427755657766558703&timestamp=1487061731&nonce=715682845
INFO: [ app_begin ] --START--
INFO: Run Behavior\ReadHtmlCache [ RunTime:0.000365s ]
INFO: [ app_begin ] --END-- [ RunTime:0.000640s ]

[ 2017-02-14T16:44:30+08:00 ] 101.226.62.83 /?signature=ec5d50cb6cb733c42c57f67326160d2c00a897ec&echostr=871277338396716011&timestamp=1487061731&nonce=1643845451
INFO: [ app_begin ] --START--
INFO: Run Behavior\ReadHtmlCache [ RunTime:0.000371s ]
INFO: [ app_begin ] --END-- [ RunTime:0.000646s ]

[ 2017-02-14T16:44:30+08:00 ] 101.226.62.83 /?signature=bda74f6a9c217f2c8cff08b4536e3e60e69e5efe&echostr=8424328957280053247&timestamp=1487061731&nonce=2110115199
INFO: [ app_begin ] --START--
INFO: Run Behavior\ReadHtmlCache [ RunTime:0.000372s ]
INFO: [ app_begin ] --END-- [ RunTime:0.000653s ]

[ 2017-02-14T16:44:31+08:00 ] 101.226.62.83 /?signature=d459960409cc5e63d8d620d7c91ba0ad3fb08d61&echostr=446405209984067308&timestamp=1487061732&nonce=1941654790
INFO: [ app_begin ] --START--
INFO: Run Behavior\ReadHtmlCache [ RunTime:0.000366s ]
INFO: [ app_begin ] --END-- [ RunTime:0.000639s ]

[ 2017-02-14T16:44:34+08:00 ] 221.218.216.215 /
INFO: [ app_begin ] --START--
INFO: Run Behavior\ReadHtmlCache [ RunTime:0.000375s ]
INFO: [ app_begin ] --END-- [ RunTime:0.000658s ]

[ 2017-02-14T16:44:43+08:00 ] 101.226.33.223 /
INFO: [ app_begin ] --START--
INFO: Run Behavior\ReadHtmlCache [ RunTime:0.000374s ]
INFO: [ app_begin ] --END-- [ RunTime:0.000659s ]

[ 2017-02-14T16:44:44+08:00 ] 101.226.51.227 /
INFO: [ app_begin ] --START--
INFO: Run Behavior\ReadHtmlCache [ RunTime:0.000374s ]
INFO: [ app_begin ] --END-- [ RunTime:0.000653s ]

[ 2017-02-14T16:44:44+08:00 ] 180.163.2.119 /
INFO: [ app_begin ] --START--
INFO: Run Behavior\ReadHtmlCache [ RunTime:0.000367s ]
INFO: [ app_begin ] --END-- [ RunTime:0.000646s ]

[ 2017-02-14T16:44:44+08:00 ] 101.226.66.180 /
INFO: [ app_begin ] --START--
INFO: Run Behavior\ReadHtmlCache [ RunTime:0.000370s ]
INFO: [ app_begin ] --END-- [ RunTime:0.000645s ]

[ 2017-02-14T16:45:46+08:00 ] 101.226.62.83 /?signature=1d280847ae665e23322d135647a67b73aea22c22&echostr=1803123506010047279&timestamp=1487061807&nonce=1614582346
INFO: [ app_begin ] --START--
INFO: Run Behavior\ReadHtmlCache [ RunTime:0.000378s ]
INFO: [ app_begin ] --END-- [ RunTime:0.000655s ]

[ 2017-02-14T16:45:47+08:00 ] 101.226.62.83 /?signature=0cc3672ea38c7c30882c8ca26c71bcbaf1734adc&echostr=7276303981683400637&timestamp=1487061808&nonce=502476258
INFO: [ app_begin ] --START--
INFO: Run Behavior\ReadHtmlCache [ RunTime:0.000373s ]
INFO: [ app_begin ] --END-- [ RunTime:0.000650s ]

[ 2017-02-14T16:45:47+08:00 ] 101.226.62.83 /?signature=27611c00974dbcc83969150cf0bf96467156194a&echostr=3837348818663689010&timestamp=1487061808&nonce=591538743
INFO: [ app_begin ] --START--
INFO: Run Behavior\ReadHtmlCache [ RunTime:0.000369s ]
INFO: [ app_begin ] --END-- [ RunTime:0.000646s ]

[ 2017-02-14T16:45:47+08:00 ] 101.226.62.83 /?signature=69b85b6467eeeb0c6a8e01941d6137abf8b91c83&echostr=4600796396644990971&timestamp=1487061808&nonce=995013345
INFO: [ app_begin ] --START--
INFO: Run Behavior\ReadHtmlCache [ RunTime:0.000378s ]
INFO: [ app_begin ] --END-- [ RunTime:0.000663s ]

[ 2017-02-14T16:45:47+08:00 ] 101.226.62.83 /?signature=48fdebcbebf11fcce4aad7b8d12ec4bf111a4f91&echostr=2004445433622099964&timestamp=1487061808&nonce=889569308
INFO: [ app_begin ] --START--
INFO: Run Behavior\ReadHtmlCache [ RunTime:0.000366s ]
INFO: [ app_begin ] --END-- [ RunTime:0.000644s ]

[ 2017-02-14T16:45:47+08:00 ] 101.226.62.83 /?signature=06ddedcbc8c388bc6ac8c937fd03b112f0af5a06&echostr=5852449523375523707&timestamp=1487061808&nonce=8813364
INFO: [ app_begin ] --START--
INFO: Run Behavior\ReadHtmlCache [ RunTime:0.000370s ]
INFO: [ app_begin ] --END-- [ RunTime:0.000642s ]

[ 2017-02-14T16:45:48+08:00 ] 101.226.62.83 /?signature=a49da7a32296614e6643c35817aae45aeca41d47&echostr=207335673659314173&timestamp=1487061809&nonce=1018025293
INFO: [ app_begin ] --START--
INFO: Run Behavior\ReadHtmlCache [ RunTime:0.000369s ]
INFO: [ app_begin ] --END-- [ RunTime:0.000646s ]

[ 2017-02-14T16:45:48+08:00 ] 101.226.62.83 /?signature=77b3c9254ac1956427532293fbb29047597aa20b&echostr=2855766371855682359&timestamp=1487061809&nonce=1199814834
INFO: [ app_begin ] --START--
INFO: Run Behavior\ReadHtmlCache [ RunTime:0.000376s ]
INFO: [ app_begin ] --END-- [ RunTime:0.000651s ]

[ 2017-02-14T16:45:51+08:00 ] 101.226.62.83 /?signature=c17191c27828233f539c4893bb4269bd02b4ccd8&echostr=4784475479109462975&timestamp=1487061812&nonce=1842273796
INFO: [ app_begin ] --START--
INFO: Run Behavior\ReadHtmlCache [ RunTime:0.000373s ]
INFO: [ app_begin ] --END-- [ RunTime:0.000659s ]

[ 2017-02-14T16:45:51+08:00 ] 101.226.62.83 /?signature=e3e6bff0e36a5d902e95cfc0755dde4826e09eaa&echostr=5128568055994500087&timestamp=1487061812&nonce=1335216895
INFO: [ app_begin ] --START--
INFO: Run Behavior\ReadHtmlCache [ RunTime:0.000377s ]
INFO: [ app_begin ] --END-- [ RunTime:0.000654s ]

[ 2017-02-14T16:45:51+08:00 ] 101.226.62.83 /?signature=2a21efdfd765618250cba5d36b00e1f7fa7938d3&echostr=6200219226765444927&timestamp=1487061812&nonce=573475391
INFO: [ app_begin ] --START--
INFO: Run Behavior\ReadHtmlCache [ RunTime:0.000375s ]
INFO: [ app_begin ] --END-- [ RunTime:0.000651s ]

[ 2017-02-14T16:45:53+08:00 ] 221.218.216.215 /
INFO: [ app_begin ] --START--
INFO: Run Behavior\ReadHtmlCache [ RunTime:0.000376s ]
INFO: [ app_begin ] --END-- [ RunTime:0.000665s ]

[ 2017-02-14T16:46:06+08:00 ] 221.218.216.215 /
INFO: [ app_begin ] --START--
INFO: Run Behavior\ReadHtmlCache [ RunTime:0.000374s ]
INFO: [ app_begin ] --END-- [ RunTime:0.000651s ]
INFO: [ app_end ] --START--
INFO: Run Behavior\ShowPageTrace [ RunTime:0.000380s ]
INFO: [ app_end ] --END-- [ RunTime:0.000433s ]

[ 2017-02-14T16:46:09+08:00 ] 101.226.62.83 /?signature=0c9f07c987bc95f553719cf5ecb84da45de585e0&echostr=6599108387305872199&timestamp=1487061831&nonce=323115782
INFO: [ app_begin ] --START--
INFO: Run Behavior\ReadHtmlCache [ RunTime:0.000368s ]
INFO: [ app_begin ] --END-- [ RunTime:0.000649s ]
INFO: [ app_end ] --START--
INFO: Run Behavior\ShowPageTrace [ RunTime:0.000386s ]
INFO: [ app_end ] --END-- [ RunTime:0.000440s ]

[ 2017-02-14T17:21:48+08:00 ] 221.218.216.215 /
INFO: [ app_begin ] --START--
INFO: Run Behavior\ReadHtmlCache [ RunTime:0.000372s ]
INFO: [ app_begin ] --END-- [ RunTime:0.000658s ]
INFO: [ app_end ] --START--
INFO: Run Behavior\ShowPageTrace [ RunTime:0.000393s ]
INFO: [ app_end ] --END-- [ RunTime:0.000446s ]

[ 2017-02-14T17:21:51+08:00 ] 221.218.216.215 /
INFO: [ app_begin ] --START--
INFO: Run Behavior\ReadHtmlCache [ RunTime:0.000364s ]
INFO: [ app_begin ] --END-- [ RunTime:0.000640s ]
INFO: [ app_end ] --START--
INFO: Run Behavior\ShowPageTrace [ RunTime:0.000377s ]
INFO: [ app_end ] --END-- [ RunTime:0.000436s ]

[ 2017-02-14T17:21:51+08:00 ] 221.218.216.215 /
INFO: [ app_begin ] --START--
INFO: Run Behavior\ReadHtmlCache [ RunTime:0.000400s ]
INFO: [ app_begin ] --END-- [ RunTime:0.000679s ]
INFO: [ app_end ] --START--
INFO: Run Behavior\ShowPageTrace [ RunTime:0.000393s ]
INFO: [ app_end ] --END-- [ RunTime:0.000446s ]

[ 2017-02-14T17:30:35+08:00 ] 221.218.216.215 /
INFO: [ app_begin ] --START--
INFO: Run Behavior\ReadHtmlCache [ RunTime:0.000372s ]
INFO: [ app_begin ] --END-- [ RunTime:0.000651s ]
INFO: [ app_end ] --START--
INFO: Run Behavior\ShowPageTrace [ RunTime:0.000384s ]
INFO: [ app_end ] --END-- [ RunTime:0.000438s ]

[ 2017-02-14T17:30:54+08:00 ] 221.218.216.215 /
INFO: [ app_begin ] --START--
INFO: Run Behavior\ReadHtmlCache [ RunTime:0.000374s ]
INFO: [ app_begin ] --END-- [ RunTime:0.000656s ]
INFO: [ app_end ] --START--
INFO: Run Behavior\ShowPageTrace [ RunTime:0.000386s ]
INFO: [ app_end ] --END-- [ RunTime:0.000438s ]

[ 2017-02-14T17:32:09+08:00 ] 221.218.216.215 /
INFO: [ app_begin ] --START--
INFO: Run Behavior\ReadHtmlCache [ RunTime:0.000368s ]
INFO: [ app_begin ] --END-- [ RunTime:0.000652s ]
INFO: [ app_end ] --START--
INFO: Run Behavior\ShowPageTrace [ RunTime:0.000392s ]
INFO: [ app_end ] --END-- [ RunTime:0.000444s ]

[ 2017-02-14T17:45:52+08:00 ] 221.218.216.215 /
INFO: [ app_begin ] --START--
INFO: Run Behavior\ReadHtmlCache [ RunTime:0.000367s ]
INFO: [ app_begin ] --END-- [ RunTime:0.000642s ]
INFO: [ app_end ] --START--
INFO: Run Behavior\ShowPageTrace [ RunTime:0.000383s ]
INFO: [ app_end ] --END-- [ RunTime:0.000436s ]

[ 2017-02-14T17:59:44+08:00 ] 221.218.216.215 /
INFO: [ app_begin ] --START--
INFO: Run Behavior\ReadHtmlCache [ RunTime:0.000388s ]
INFO: [ app_begin ] --END-- [ RunTime:0.000682s ]

[ 2017-02-14T18:23:00+08:00 ] 123.151.138.60 /
INFO: [ app_begin ] --START--
INFO: Run Behavior\ReadHtmlCache [ RunTime:0.000367s ]
INFO: [ app_begin ] --END-- [ RunTime:0.000642s ]

[ 2017-02-14T18:24:17+08:00 ] 123.151.138.60 /
INFO: [ app_begin ] --START--
INFO: Run Behavior\ReadHtmlCache [ RunTime:0.000398s ]
INFO: [ app_begin ] --END-- [ RunTime:0.000675s ]
INFO: [ app_end ] --START--
INFO: Run Behavior\ShowPageTrace [ RunTime:0.000387s ]
INFO: [ app_end ] --END-- [ RunTime:0.000458s ]

[ 2017-02-14T18:25:35+08:00 ] 117.136.90.134 /
INFO: [ app_begin ] --START--
INFO: Run Behavior\ReadHtmlCache [ RunTime:0.000365s ]
INFO: [ app_begin ] --END-- [ RunTime:0.000645s ]
INFO: [ app_end ] --START--
INFO: Run Behavior\ShowPageTrace [ RunTime:0.000392s ]
INFO: [ app_end ] --END-- [ RunTime:0.000446s ]

[ 2017-02-14T18:25:47+08:00 ] 117.136.90.134 /
INFO: [ app_begin ] --START--
INFO: Run Behavior\ReadHtmlCache [ RunTime:0.000369s ]
INFO: [ app_begin ] --END-- [ RunTime:0.000642s ]
INFO: [ app_end ] --START--
INFO: Run Behavior\ShowPageTrace [ RunTime:0.000378s ]
INFO: [ app_end ] --END-- [ RunTime:0.000432s ]

[ 2017-02-14T18:27:03+08:00 ] 101.226.62.83 /?signature=40d858ff4b65f3fc962b0b6adddb4e893ed7b179&echostr=886810851567722237&timestamp=1487067884&nonce=1854204172
INFO: [ app_begin ] --START--
INFO: Run Behavior\ReadHtmlCache [ RunTime:0.000372s ]
INFO: [ app_begin ] --END-- [ RunTime:0.000649s ]
INFO: [ app_end ] --START--
INFO: Run Behavior\ShowPageTrace [ RunTime:0.000382s ]
INFO: [ app_end ] --END-- [ RunTime:0.000435s ]

[ 2017-02-14T18:27:11+08:00 ] 101.226.103.60 /?signature=466576c240d324336186b48bb966540c706a8c96&echostr=5516393324882942710&timestamp=1487067892&nonce=2020512632
INFO: [ app_begin ] --START--
INFO: Run Behavior\ReadHtmlCache [ RunTime:0.000361s ]
INFO: [ app_begin ] --END-- [ RunTime:0.000636s ]
INFO: [ app_end ] --START--
INFO: Run Behavior\ShowPageTrace [ RunTime:0.000381s ]
INFO: [ app_end ] --END-- [ RunTime:0.000434s ]

[ 2017-02-14T18:35:23+08:00 ] 117.136.90.134 /
INFO: [ app_begin ] --START--
INFO: Run Behavior\ReadHtmlCache [ RunTime:0.000364s ]
INFO: [ app_begin ] --END-- [ RunTime:0.000636s ]
INFO: [ app_end ] --START--
INFO: Run Behavior\ShowPageTrace [ RunTime:0.000380s ]
INFO: [ app_end ] --END-- [ RunTime:0.000441s ]

[ 2017-02-14T20:25:22+08:00 ] 60.222.114.20 /
INFO: [ app_begin ] --START--
INFO: Run Behavior\ReadHtmlCache [ RunTime:0.000372s ]
INFO: [ app_begin ] --END-- [ RunTime:0.000649s ]
INFO: [ app_end ] --START--
INFO: Run Behavior\ShowPageTrace [ RunTime:0.000382s ]
INFO: [ app_end ] --END-- [ RunTime:0.000436s ]

