[ 2017-02-17T09:40:21+08:00 ] 221.221.11.181 /
INFO: [ app_begin ] --START--
INFO: Run Behavior\ReadHtmlCache [ RunTime:0.000368s ]
INFO: [ app_begin ] --END-- [ RunTime:0.000639s ]
NOTIC: [8] Undefined index: member_id /var/www/html/JUSLAND/Wechat/Home/Controller/CommonController.class.php 第 14 行.
NOTIC: [8] Undefined index: code /var/www/html/JUSLAND/Wechat/Home/Controller/CommonController.class.php 第 23 行.

[ 2017-02-17T09:40:28+08:00 ] 221.221.11.181 /?code=051TttVQ17BCX71FDVWQ1gbGVQ1TttVf&state=STATE
INFO: [ app_begin ] --START--
INFO: Run Behavior\ReadHtmlCache [ RunTime:0.000362s ]
INFO: [ app_begin ] --END-- [ RunTime:0.000635s ]
NOTIC: [8] Undefined index: member_id /var/www/html/JUSLAND/Wechat/Home/Controller/CommonController.class.php 第 14 行.
SQL: SHOW COLUMNS FROM `member` [ RunTime:0.000525s ]
SQL: SELECT * FROM `member` WHERE ( `openid` = 'oA06fwFE_IryIlF9jb4LLFYnqjG0' ) LIMIT 1   [ RunTime:0.000220s ]

[ 2017-02-17T09:40:29+08:00 ] 221.221.11.181 /home/index/index.html
INFO: [ app_begin ] --START--
INFO: Run Behavior\ReadHtmlCache [ RunTime:0.000363s ]
INFO: [ app_begin ] --END-- [ RunTime:0.000646s ]
INFO: [ view_parse ] --START--
INFO: [ template_filter ] --START--
INFO: Run Behavior\ContentReplace [ RunTime:0.000028s ]
INFO: [ template_filter ] --END-- [ RunTime:0.000084s ]
INFO: Run Behavior\ParseTemplate [ RunTime:0.004540s ]
INFO: [ view_parse ] --END-- [ RunTime:0.004591s ]
INFO: [ view_filter ] --START--
INFO: Run Behavior\WriteHtmlCache [ RunTime:0.000092s ]
INFO: [ view_filter ] --END-- [ RunTime:0.000136s ]
INFO: [ app_end ] --START--
INFO: Run Behavior\ShowPageTrace [ RunTime:0.000398s ]
INFO: [ app_end ] --END-- [ RunTime:0.000446s ]

[ 2017-02-17T10:13:00+08:00 ] 123.151.138.60 /
INFO: [ app_begin ] --START--
INFO: Run Behavior\ReadHtmlCache [ RunTime:0.000381s ]
INFO: [ app_begin ] --END-- [ RunTime:0.000661s ]
NOTIC: [8] Undefined index: member_id /var/www/html/JUSLAND/Wechat/Home/Controller/CommonController.class.php 第 14 行.
NOTIC: [8] Undefined index: code /var/www/html/JUSLAND/Wechat/Home/Controller/CommonController.class.php 第 23 行.

[ 2017-02-17T10:13:01+08:00 ] 123.151.138.60 /?code=02119YPM0Gq5j72BgdRM05mYPM019YPZ&state=STATE
INFO: [ app_begin ] --START--
INFO: Run Behavior\ReadHtmlCache [ RunTime:0.000364s ]
INFO: [ app_begin ] --END-- [ RunTime:0.000637s ]
NOTIC: [8] Undefined index: member_id /var/www/html/JUSLAND/Wechat/Home/Controller/CommonController.class.php 第 14 行.
SQL: SHOW COLUMNS FROM `member` [ RunTime:0.000544s ]
SQL: SELECT * FROM `member` WHERE ( `openid` = 'oA06fwFE_IryIlF9jb4LLFYnqjG0' ) LIMIT 1   [ RunTime:0.000213s ]

[ 2017-02-17T10:13:02+08:00 ] 123.151.138.60 /home/index/index.html
INFO: [ app_begin ] --START--
INFO: Run Behavior\ReadHtmlCache [ RunTime:0.000362s ]
INFO: [ app_begin ] --END-- [ RunTime:0.000636s ]
INFO: [ view_parse ] --START--
INFO: [ template_filter ] --START--
INFO: Run Behavior\ContentReplace [ RunTime:0.000029s ]
INFO: [ template_filter ] --END-- [ RunTime:0.000084s ]
INFO: Run Behavior\ParseTemplate [ RunTime:0.004536s ]
INFO: [ view_parse ] --END-- [ RunTime:0.004588s ]
INFO: [ view_filter ] --START--
INFO: Run Behavior\WriteHtmlCache [ RunTime:0.000099s ]
INFO: [ view_filter ] --END-- [ RunTime:0.000145s ]
INFO: [ app_end ] --START--
INFO: Run Behavior\ShowPageTrace [ RunTime:0.000385s ]
INFO: [ app_end ] --END-- [ RunTime:0.000433s ]

