[ 2017-02-15T09:58:17+08:00 ] 114.250.253.185 /
INFO: [ app_begin ] --START--
INFO: Run Behavior\ReadHtmlCache [ RunTime:0.000366s ]
INFO: [ app_begin ] --END-- [ RunTime:0.000641s ]
INFO: [ app_end ] --START--
INFO: Run Behavior\ShowPageTrace [ RunTime:0.000382s ]
INFO: [ app_end ] --END-- [ RunTime:0.000437s ]

[ 2017-02-15T09:58:21+08:00 ] 114.250.253.185 /
INFO: [ app_begin ] --START--
INFO: Run Behavior\ReadHtmlCache [ RunTime:0.000363s ]
INFO: [ app_begin ] --END-- [ RunTime:0.000642s ]
INFO: [ app_end ] --START--
INFO: Run Behavior\ShowPageTrace [ RunTime:0.000380s ]
INFO: [ app_end ] --END-- [ RunTime:0.000435s ]

[ 2017-02-15T09:58:21+08:00 ] 114.250.253.185 /
INFO: [ app_begin ] --START--
INFO: Run Behavior\ReadHtmlCache [ RunTime:0.000364s ]
INFO: [ app_begin ] --END-- [ RunTime:0.000636s ]
INFO: [ app_end ] --START--
INFO: Run Behavior\ShowPageTrace [ RunTime:0.000378s ]
INFO: [ app_end ] --END-- [ RunTime:0.000431s ]

[ 2017-02-15T10:40:05+08:00 ] 114.250.253.185 /home/wechat/createButton
INFO: [ app_begin ] --START--
INFO: Run Behavior\ReadHtmlCache [ RunTime:0.000363s ]
INFO: [ app_begin ] --END-- [ RunTime:0.000640s ]
ERR: 参数错误或者未定义:data

[ 2017-02-15T10:40:14+08:00 ] 101.226.68.197 /home/wechat/createButton
INFO: [ app_begin ] --START--
INFO: Run Behavior\ReadHtmlCache [ RunTime:0.000364s ]
INFO: [ app_begin ] --END-- [ RunTime:0.000637s ]
ERR: 参数错误或者未定义:data

[ 2017-02-15T10:40:41+08:00 ] 114.250.253.185 /home/wechat/createButton
INFO: [ app_begin ] --START--
INFO: Run Behavior\ReadHtmlCache [ RunTime:0.000366s ]
INFO: [ app_begin ] --END-- [ RunTime:0.000647s ]

[ 2017-02-15T10:40:51+08:00 ] 101.226.68.213 /home/wechat/createButton
INFO: [ app_begin ] --START--
INFO: Run Behavior\ReadHtmlCache [ RunTime:0.000364s ]
INFO: [ app_begin ] --END-- [ RunTime:0.000638s ]

[ 2017-02-15T10:43:51+08:00 ] 114.250.253.185 /home/wechat/createButton
INFO: [ app_begin ] --START--
INFO: Run Behavior\ReadHtmlCache [ RunTime:0.000373s ]
INFO: [ app_begin ] --END-- [ RunTime:0.000649s ]

[ 2017-02-15T10:43:54+08:00 ] 114.250.253.185 /home/wechat/createButton
INFO: [ app_begin ] --START--
INFO: Run Behavior\ReadHtmlCache [ RunTime:0.000363s ]
INFO: [ app_begin ] --END-- [ RunTime:0.000643s ]

[ 2017-02-15T10:46:14+08:00 ] 114.250.253.185 /home/wechat/createButton
INFO: [ app_begin ] --START--
INFO: Run Behavior\ReadHtmlCache [ RunTime:0.000372s ]
INFO: [ app_begin ] --END-- [ RunTime:0.000644s ]

[ 2017-02-15T10:46:26+08:00 ] 114.250.253.185 /home/wechat/createButton
INFO: [ app_begin ] --START--
INFO: Run Behavior\ReadHtmlCache [ RunTime:0.000365s ]
INFO: [ app_begin ] --END-- [ RunTime:0.000636s ]
ERR: 参数错误或者未定义:data

[ 2017-02-15T10:46:39+08:00 ] 114.250.253.185 /home/wechat/createButton
INFO: [ app_begin ] --START--
INFO: Run Behavior\ReadHtmlCache [ RunTime:0.000367s ]
INFO: [ app_begin ] --END-- [ RunTime:0.000643s ]

[ 2017-02-15T10:46:53+08:00 ] 114.250.253.185 /home/wechat/createButton
INFO: [ app_begin ] --START--
INFO: Run Behavior\ReadHtmlCache [ RunTime:0.000374s ]
INFO: [ app_begin ] --END-- [ RunTime:0.000647s ]

[ 2017-02-15T10:47:09+08:00 ] 114.250.253.185 /home/wechat/createButton
INFO: [ app_begin ] --START--
INFO: Run Behavior\ReadHtmlCache [ RunTime:0.000369s ]
INFO: [ app_begin ] --END-- [ RunTime:0.000653s ]

[ 2017-02-15T10:51:44+08:00 ] 114.250.253.185 /home/wechat/delButton
INFO: [ app_begin ] --START--
INFO: Run Behavior\ReadHtmlCache [ RunTime:0.000363s ]
INFO: [ app_begin ] --END-- [ RunTime:0.000642s ]
ERR: 非法操作:delbutton

[ 2017-02-15T10:51:45+08:00 ] 114.250.253.185 /home/wechat/delButton
INFO: [ app_begin ] --START--
INFO: Run Behavior\ReadHtmlCache [ RunTime:0.000374s ]
INFO: [ app_begin ] --END-- [ RunTime:0.000651s ]
ERR: 非法操作:delbutton

[ 2017-02-15T10:51:54+08:00 ] 117.185.27.115 /home/wechat/delButton
INFO: [ app_begin ] --START--
INFO: Run Behavior\ReadHtmlCache [ RunTime:0.000368s ]
INFO: [ app_begin ] --END-- [ RunTime:0.000640s ]
ERR: 非法操作:delbutton

[ 2017-02-15T10:51:58+08:00 ] 114.250.253.185 /home/wechat/delButton
INFO: [ app_begin ] --START--
INFO: Run Behavior\ReadHtmlCache [ RunTime:0.000373s ]
INFO: [ app_begin ] --END-- [ RunTime:0.000643s ]
ERR: 非法操作:delbutton

[ 2017-02-15T10:52:43+08:00 ] 114.250.253.185 /home/wechat/delMenu
INFO: [ app_begin ] --START--
INFO: Run Behavior\ReadHtmlCache [ RunTime:0.000365s ]
INFO: [ app_begin ] --END-- [ RunTime:0.000646s ]
ERR: 非法操作:delmenu

[ 2017-02-15T10:52:53+08:00 ] 180.153.211.190 /home/wechat/delMenu
INFO: [ app_begin ] --START--
INFO: Run Behavior\ReadHtmlCache [ RunTime:0.000363s ]
INFO: [ app_begin ] --END-- [ RunTime:0.000639s ]
NOTIC: [8] Undefined variable: token /var/www/html/JUSLAND/Wechat/Home/Controller/WechatController.class.php 第 72 行.

[ 2017-02-15T10:52:54+08:00 ] 114.250.253.185 /home/wechat/delMenu
INFO: [ app_begin ] --START--
INFO: Run Behavior\ReadHtmlCache [ RunTime:0.000364s ]
INFO: [ app_begin ] --END-- [ RunTime:0.000637s ]
NOTIC: [8] Undefined variable: token /var/www/html/JUSLAND/Wechat/Home/Controller/WechatController.class.php 第 72 行.

[ 2017-02-15T10:53:02+08:00 ] 114.250.253.185 /home/wechat/delMenu
INFO: [ app_begin ] --START--
INFO: Run Behavior\ReadHtmlCache [ RunTime:0.000369s ]
INFO: [ app_begin ] --END-- [ RunTime:0.000644s ]
NOTIC: [8] Undefined variable: token /var/www/html/JUSLAND/Wechat/Home/Controller/WechatController.class.php 第 72 行.

[ 2017-02-15T10:53:03+08:00 ] 114.250.253.185 /home/wechat/delMenu
INFO: [ app_begin ] --START--
INFO: Run Behavior\ReadHtmlCache [ RunTime:0.000360s ]
INFO: [ app_begin ] --END-- [ RunTime:0.000631s ]
NOTIC: [8] Undefined variable: token /var/www/html/JUSLAND/Wechat/Home/Controller/WechatController.class.php 第 72 行.

[ 2017-02-15T10:53:13+08:00 ] 101.226.33.240 /home/wechat/delMenu
INFO: [ app_begin ] --START--
INFO: Run Behavior\ReadHtmlCache [ RunTime:0.000367s ]
INFO: [ app_begin ] --END-- [ RunTime:0.000643s ]
NOTIC: [8] Undefined variable: token /var/www/html/JUSLAND/Wechat/Home/Controller/WechatController.class.php 第 72 行.

[ 2017-02-15T10:53:26+08:00 ] 114.250.253.185 /home/wechat/delMenu
INFO: [ app_begin ] --START--
INFO: Run Behavior\ReadHtmlCache [ RunTime:0.000366s ]
INFO: [ app_begin ] --END-- [ RunTime:0.000645s ]

[ 2017-02-15T10:53:40+08:00 ] 114.250.253.185 /home/wechat/createButton
INFO: [ app_begin ] --START--
INFO: Run Behavior\ReadHtmlCache [ RunTime:0.000369s ]
INFO: [ app_begin ] --END-- [ RunTime:0.000639s ]

[ 2017-02-15T10:53:46+08:00 ] 123.151.138.60 /
INFO: [ app_begin ] --START--
INFO: Run Behavior\ReadHtmlCache [ RunTime:0.000375s ]
INFO: [ app_begin ] --END-- [ RunTime:0.000649s ]
INFO: [ app_end ] --START--
INFO: Run Behavior\ShowPageTrace [ RunTime:0.000381s ]
INFO: [ app_end ] --END-- [ RunTime:0.000443s ]

[ 2017-02-15T10:53:52+08:00 ] 123.151.138.60 /
INFO: [ app_begin ] --START--
INFO: Run Behavior\ReadHtmlCache [ RunTime:0.000370s ]
INFO: [ app_begin ] --END-- [ RunTime:0.000642s ]
INFO: [ app_end ] --START--
INFO: Run Behavior\ShowPageTrace [ RunTime:0.000387s ]
INFO: [ app_end ] --END-- [ RunTime:0.000440s ]

[ 2017-02-15T10:53:55+08:00 ] 123.151.138.60 /
INFO: [ app_begin ] --START--
INFO: Run Behavior\ReadHtmlCache [ RunTime:0.000379s ]
INFO: [ app_begin ] --END-- [ RunTime:0.000659s ]
INFO: [ app_end ] --START--
INFO: Run Behavior\ShowPageTrace [ RunTime:0.000393s ]
INFO: [ app_end ] --END-- [ RunTime:0.000447s ]

[ 2017-02-15T10:56:28+08:00 ] 123.151.138.60 /
INFO: [ app_begin ] --START--
INFO: Run Behavior\ReadHtmlCache [ RunTime:0.000365s ]
INFO: [ app_begin ] --END-- [ RunTime:0.000648s ]
INFO: [ app_end ] --START--
INFO: Run Behavior\ShowPageTrace [ RunTime:0.000389s ]
INFO: [ app_end ] --END-- [ RunTime:0.000442s ]

[ 2017-02-15T12:24:06+08:00 ] 61.51.194.91 /home/wechat/createButton
INFO: [ app_begin ] --START--
INFO: Run Behavior\ReadHtmlCache [ RunTime:0.000371s ]
INFO: [ app_begin ] --END-- [ RunTime:0.000640s ]

[ 2017-02-15T15:06:29+08:00 ] 123.151.138.60 /
INFO: [ app_begin ] --START--
INFO: Run Behavior\ReadHtmlCache [ RunTime:0.000370s ]
INFO: [ app_begin ] --END-- [ RunTime:0.000654s ]
INFO: [ app_end ] --START--
INFO: Run Behavior\ShowPageTrace [ RunTime:0.000382s ]
INFO: [ app_end ] --END-- [ RunTime:0.000436s ]

[ 2017-02-15T17:46:03+08:00 ] 61.51.194.91 /
INFO: [ app_begin ] --START--
INFO: Run Behavior\ReadHtmlCache [ RunTime:0.000368s ]
INFO: [ app_begin ] --END-- [ RunTime:0.000646s ]
INFO: [ app_end ] --START--
INFO: Run Behavior\ShowPageTrace [ RunTime:0.000389s ]
INFO: [ app_end ] --END-- [ RunTime:0.000443s ]

[ 2017-02-15T17:46:26+08:00 ] 61.51.194.91 /
INFO: [ app_begin ] --START--
INFO: Run Behavior\ReadHtmlCache [ RunTime:0.000372s ]
INFO: [ app_begin ] --END-- [ RunTime:0.000648s ]
INFO: [ app_end ] --START--
INFO: Run Behavior\ShowPageTrace [ RunTime:0.000380s ]
INFO: [ app_end ] --END-- [ RunTime:0.000434s ]

[ 2017-02-15T17:47:11+08:00 ] 61.51.194.91 /
INFO: [ app_begin ] --START--
INFO: Run Behavior\ReadHtmlCache [ RunTime:0.000363s ]
INFO: [ app_begin ] --END-- [ RunTime:0.000642s ]
INFO: [ app_end ] --START--
INFO: Run Behavior\ShowPageTrace [ RunTime:0.000383s ]
INFO: [ app_end ] --END-- [ RunTime:0.000436s ]

[ 2017-02-15T17:47:29+08:00 ] 61.51.194.91 /
INFO: [ app_begin ] --START--
INFO: Run Behavior\ReadHtmlCache [ RunTime:0.000365s ]
INFO: [ app_begin ] --END-- [ RunTime:0.000640s ]
INFO: [ app_end ] --START--
INFO: Run Behavior\ShowPageTrace [ RunTime:0.000382s ]
INFO: [ app_end ] --END-- [ RunTime:0.000436s ]

[ 2017-02-15T17:47:31+08:00 ] 61.51.194.91 /
INFO: [ app_begin ] --START--
INFO: Run Behavior\ReadHtmlCache [ RunTime:0.000371s ]
INFO: [ app_begin ] --END-- [ RunTime:0.000669s ]
INFO: [ app_end ] --START--
INFO: Run Behavior\ShowPageTrace [ RunTime:0.000397s ]
INFO: [ app_end ] --END-- [ RunTime:0.000451s ]

[ 2017-02-15T17:47:33+08:00 ] 61.51.194.91 /
INFO: [ app_begin ] --START--
INFO: Run Behavior\ReadHtmlCache [ RunTime:0.000373s ]
INFO: [ app_begin ] --END-- [ RunTime:0.000649s ]
INFO: [ app_end ] --START--
INFO: Run Behavior\ShowPageTrace [ RunTime:0.000382s ]
INFO: [ app_end ] --END-- [ RunTime:0.000435s ]

[ 2017-02-15T17:47:45+08:00 ] 61.51.194.91 /
INFO: [ app_begin ] --START--
INFO: Run Behavior\ReadHtmlCache [ RunTime:0.000361s ]
INFO: [ app_begin ] --END-- [ RunTime:0.000642s ]
INFO: [ app_end ] --START--
INFO: Run Behavior\ShowPageTrace [ RunTime:0.000389s ]
INFO: [ app_end ] --END-- [ RunTime:0.000443s ]

[ 2017-02-15T17:47:46+08:00 ] 61.51.194.91 /
INFO: [ app_begin ] --START--
INFO: Run Behavior\ReadHtmlCache [ RunTime:0.000374s ]
INFO: [ app_begin ] --END-- [ RunTime:0.000650s ]
INFO: [ app_end ] --START--
INFO: Run Behavior\ShowPageTrace [ RunTime:0.000382s ]
INFO: [ app_end ] --END-- [ RunTime:0.000437s ]

[ 2017-02-15T17:47:56+08:00 ] 61.51.194.91 /
INFO: [ app_begin ] --START--
INFO: Run Behavior\ReadHtmlCache [ RunTime:0.000368s ]
INFO: [ app_begin ] --END-- [ RunTime:0.000650s ]
INFO: [ app_end ] --START--
INFO: Run Behavior\ShowPageTrace [ RunTime:0.000385s ]
INFO: [ app_end ] --END-- [ RunTime:0.000439s ]

[ 2017-02-15T17:47:57+08:00 ] 61.51.194.91 /
INFO: [ app_begin ] --START--
INFO: Run Behavior\ReadHtmlCache [ RunTime:0.000376s ]
INFO: [ app_begin ] --END-- [ RunTime:0.000650s ]
INFO: [ app_end ] --START--
INFO: Run Behavior\ShowPageTrace [ RunTime:0.000377s ]
INFO: [ app_end ] --END-- [ RunTime:0.000429s ]

[ 2017-02-15T17:48:13+08:00 ] 61.51.194.91 /
INFO: [ app_begin ] --START--
INFO: Run Behavior\ReadHtmlCache [ RunTime:0.000376s ]
INFO: [ app_begin ] --END-- [ RunTime:0.000650s ]
INFO: [ app_end ] --START--
INFO: Run Behavior\ShowPageTrace [ RunTime:0.000391s ]
INFO: [ app_end ] --END-- [ RunTime:0.000445s ]

[ 2017-02-15T17:48:14+08:00 ] 61.51.194.91 /
INFO: [ app_begin ] --START--
INFO: Run Behavior\ReadHtmlCache [ RunTime:0.000369s ]
INFO: [ app_begin ] --END-- [ RunTime:0.000648s ]
INFO: [ app_end ] --START--
INFO: Run Behavior\ShowPageTrace [ RunTime:0.000380s ]
INFO: [ app_end ] --END-- [ RunTime:0.000435s ]

[ 2017-02-15T17:48:15+08:00 ] 61.51.194.91 /
INFO: [ app_begin ] --START--
INFO: Run Behavior\ReadHtmlCache [ RunTime:0.000372s ]
INFO: [ app_begin ] --END-- [ RunTime:0.000643s ]
INFO: [ app_end ] --START--
INFO: Run Behavior\ShowPageTrace [ RunTime:0.000382s ]
INFO: [ app_end ] --END-- [ RunTime:0.000435s ]

[ 2017-02-15T17:48:16+08:00 ] 61.51.194.91 /
INFO: [ app_begin ] --START--
INFO: Run Behavior\ReadHtmlCache [ RunTime:0.000364s ]
INFO: [ app_begin ] --END-- [ RunTime:0.000641s ]
INFO: [ app_end ] --START--
INFO: Run Behavior\ShowPageTrace [ RunTime:0.000382s ]
INFO: [ app_end ] --END-- [ RunTime:0.000436s ]

[ 2017-02-15T17:49:10+08:00 ] 61.51.194.91 /
INFO: [ app_begin ] --START--
INFO: Run Behavior\ReadHtmlCache [ RunTime:0.000366s ]
INFO: [ app_begin ] --END-- [ RunTime:0.000645s ]
INFO: [ app_end ] --START--
INFO: Run Behavior\ShowPageTrace [ RunTime:0.000387s ]
INFO: [ app_end ] --END-- [ RunTime:0.000440s ]

[ 2017-02-15T17:49:24+08:00 ] 61.51.194.91 /
INFO: [ app_begin ] --START--
INFO: Run Behavior\ReadHtmlCache [ RunTime:0.000370s ]
INFO: [ app_begin ] --END-- [ RunTime:0.000653s ]
INFO: [ app_end ] --START--
INFO: Run Behavior\ShowPageTrace [ RunTime:0.000391s ]
INFO: [ app_end ] --END-- [ RunTime:0.000446s ]

[ 2017-02-15T17:49:26+08:00 ] 61.51.194.91 /
INFO: [ app_begin ] --START--
INFO: Run Behavior\ReadHtmlCache [ RunTime:0.000370s ]
INFO: [ app_begin ] --END-- [ RunTime:0.000653s ]
INFO: [ app_end ] --START--
INFO: Run Behavior\ShowPageTrace [ RunTime:0.000388s ]
INFO: [ app_end ] --END-- [ RunTime:0.000441s ]

[ 2017-02-15T17:49:37+08:00 ] 61.51.194.91 /
INFO: [ app_begin ] --START--
INFO: Run Behavior\ReadHtmlCache [ RunTime:0.000368s ]
INFO: [ app_begin ] --END-- [ RunTime:0.000648s ]
INFO: [ app_end ] --START--
INFO: Run Behavior\ShowPageTrace [ RunTime:0.000384s ]
INFO: [ app_end ] --END-- [ RunTime:0.000438s ]

[ 2017-02-15T17:50:08+08:00 ] 61.51.194.91 /
INFO: [ app_begin ] --START--
INFO: Run Behavior\ReadHtmlCache [ RunTime:0.000366s ]
INFO: [ app_begin ] --END-- [ RunTime:0.000644s ]

[ 2017-02-15T17:50:39+08:00 ] 61.51.194.91 /
INFO: [ app_begin ] --START--
INFO: Run Behavior\ReadHtmlCache [ RunTime:0.000369s ]
INFO: [ app_begin ] --END-- [ RunTime:0.000639s ]
INFO: [ app_end ] --START--
INFO: Run Behavior\ShowPageTrace [ RunTime:0.000379s ]
INFO: [ app_end ] --END-- [ RunTime:0.000433s ]

[ 2017-02-15T17:51:06+08:00 ] 61.51.194.91 /
INFO: [ app_begin ] --START--
INFO: Run Behavior\ReadHtmlCache [ RunTime:0.000370s ]
INFO: [ app_begin ] --END-- [ RunTime:0.000644s ]
INFO: [ app_end ] --START--
INFO: Run Behavior\ShowPageTrace [ RunTime:0.000388s ]
INFO: [ app_end ] --END-- [ RunTime:0.000442s ]

[ 2017-02-15T17:53:47+08:00 ] 61.51.194.91 /
INFO: [ app_begin ] --START--
INFO: Run Behavior\ReadHtmlCache [ RunTime:0.000368s ]
INFO: [ app_begin ] --END-- [ RunTime:0.000640s ]
INFO: [ app_end ] --START--
INFO: Run Behavior\ShowPageTrace [ RunTime:0.000383s ]
INFO: [ app_end ] --END-- [ RunTime:0.000437s ]

[ 2017-02-15T17:53:50+08:00 ] 61.51.194.91 /
INFO: [ app_begin ] --START--
INFO: Run Behavior\ReadHtmlCache [ RunTime:0.000363s ]
INFO: [ app_begin ] --END-- [ RunTime:0.000643s ]
INFO: [ app_end ] --START--
INFO: Run Behavior\ShowPageTrace [ RunTime:0.000381s ]
INFO: [ app_end ] --END-- [ RunTime:0.000435s ]

[ 2017-02-15T17:53:51+08:00 ] 61.51.194.91 /
INFO: [ app_begin ] --START--
INFO: Run Behavior\ReadHtmlCache [ RunTime:0.000365s ]
INFO: [ app_begin ] --END-- [ RunTime:0.000640s ]
INFO: [ app_end ] --START--
INFO: Run Behavior\ShowPageTrace [ RunTime:0.000382s ]
INFO: [ app_end ] --END-- [ RunTime:0.000436s ]

[ 2017-02-15T17:54:02+08:00 ] 61.51.194.91 /
INFO: [ app_begin ] --START--
INFO: Run Behavior\ReadHtmlCache [ RunTime:0.000367s ]
INFO: [ app_begin ] --END-- [ RunTime:0.000650s ]
INFO: [ app_end ] --START--
INFO: Run Behavior\ShowPageTrace [ RunTime:0.000380s ]
INFO: [ app_end ] --END-- [ RunTime:0.000435s ]

[ 2017-02-15T17:54:04+08:00 ] 61.51.194.91 /
INFO: [ app_begin ] --START--
INFO: Run Behavior\ReadHtmlCache [ RunTime:0.000369s ]
INFO: [ app_begin ] --END-- [ RunTime:0.000644s ]
INFO: [ app_end ] --START--
INFO: Run Behavior\ShowPageTrace [ RunTime:0.000382s ]
INFO: [ app_end ] --END-- [ RunTime:0.000435s ]

[ 2017-02-15T17:54:28+08:00 ] 61.51.194.91 /
INFO: [ app_begin ] --START--
INFO: Run Behavior\ReadHtmlCache [ RunTime:0.000368s ]
INFO: [ app_begin ] --END-- [ RunTime:0.000644s ]
INFO: [ app_end ] --START--
INFO: Run Behavior\ShowPageTrace [ RunTime:0.000383s ]
INFO: [ app_end ] --END-- [ RunTime:0.000438s ]

[ 2017-02-15T17:54:29+08:00 ] 61.51.194.91 /
INFO: [ app_begin ] --START--
INFO: Run Behavior\ReadHtmlCache [ RunTime:0.000367s ]
INFO: [ app_begin ] --END-- [ RunTime:0.000642s ]
INFO: [ app_end ] --START--
INFO: Run Behavior\ShowPageTrace [ RunTime:0.000382s ]
INFO: [ app_end ] --END-- [ RunTime:0.000437s ]

[ 2017-02-15T17:54:30+08:00 ] 61.51.194.91 /
INFO: [ app_begin ] --START--
INFO: Run Behavior\ReadHtmlCache [ RunTime:0.000374s ]
INFO: [ app_begin ] --END-- [ RunTime:0.000650s ]
INFO: [ app_end ] --START--
INFO: Run Behavior\ShowPageTrace [ RunTime:0.000387s ]
INFO: [ app_end ] --END-- [ RunTime:0.000441s ]

[ 2017-02-15T17:55:00+08:00 ] 61.51.194.91 /
INFO: [ app_begin ] --START--
INFO: Run Behavior\ReadHtmlCache [ RunTime:0.000362s ]
INFO: [ app_begin ] --END-- [ RunTime:0.000638s ]
INFO: [ app_end ] --START--
INFO: Run Behavior\ShowPageTrace [ RunTime:0.000382s ]
INFO: [ app_end ] --END-- [ RunTime:0.000436s ]

[ 2017-02-15T17:55:01+08:00 ] 61.51.194.91 /
INFO: [ app_begin ] --START--
INFO: Run Behavior\ReadHtmlCache [ RunTime:0.000377s ]
INFO: [ app_begin ] --END-- [ RunTime:0.000653s ]
INFO: [ app_end ] --START--
INFO: Run Behavior\ShowPageTrace [ RunTime:0.000382s ]
INFO: [ app_end ] --END-- [ RunTime:0.000442s ]

[ 2017-02-15T17:55:02+08:00 ] 61.51.194.91 /
INFO: [ app_begin ] --START--
INFO: Run Behavior\ReadHtmlCache [ RunTime:0.000373s ]
INFO: [ app_begin ] --END-- [ RunTime:0.000648s ]
INFO: [ app_end ] --START--
INFO: Run Behavior\ShowPageTrace [ RunTime:0.000386s ]
INFO: [ app_end ] --END-- [ RunTime:0.000440s ]

[ 2017-02-15T17:55:26+08:00 ] 61.51.194.91 /
INFO: [ app_begin ] --START--
INFO: Run Behavior\ReadHtmlCache [ RunTime:0.000371s ]
INFO: [ app_begin ] --END-- [ RunTime:0.000643s ]

[ 2017-02-15T17:55:33+08:00 ] 61.51.194.91 /
INFO: [ app_begin ] --START--
INFO: Run Behavior\ReadHtmlCache [ RunTime:0.000363s ]
INFO: [ app_begin ] --END-- [ RunTime:0.000637s ]
INFO: [ app_end ] --START--
INFO: Run Behavior\ShowPageTrace [ RunTime:0.000383s ]
INFO: [ app_end ] --END-- [ RunTime:0.000439s ]

[ 2017-02-15T17:56:53+08:00 ] 61.51.194.91 /
INFO: [ app_begin ] --START--
INFO: Run Behavior\ReadHtmlCache [ RunTime:0.000366s ]
INFO: [ app_begin ] --END-- [ RunTime:0.000641s ]
INFO: [ app_end ] --START--
INFO: Run Behavior\ShowPageTrace [ RunTime:0.000383s ]
INFO: [ app_end ] --END-- [ RunTime:0.000436s ]

[ 2017-02-15T17:57:02+08:00 ] 61.51.194.91 /
INFO: [ app_begin ] --START--
INFO: Run Behavior\ReadHtmlCache [ RunTime:0.000371s ]
INFO: [ app_begin ] --END-- [ RunTime:0.000645s ]

[ 2017-02-15T17:57:42+08:00 ] 61.51.194.91 /
INFO: [ app_begin ] --START--
INFO: Run Behavior\ReadHtmlCache [ RunTime:0.000365s ]
INFO: [ app_begin ] --END-- [ RunTime:0.000640s ]

[ 2017-02-15T17:58:02+08:00 ] 61.51.194.91 /
INFO: [ app_begin ] --START--
INFO: Run Behavior\ReadHtmlCache [ RunTime:0.000361s ]
INFO: [ app_begin ] --END-- [ RunTime:0.000639s ]

[ 2017-02-15T17:58:03+08:00 ] 61.51.194.91 /
INFO: [ app_begin ] --START--
INFO: Run Behavior\ReadHtmlCache [ RunTime:0.000364s ]
INFO: [ app_begin ] --END-- [ RunTime:0.000638s ]

[ 2017-02-15T17:58:13+08:00 ] 61.51.194.91 /
INFO: [ app_begin ] --START--
INFO: Run Behavior\ReadHtmlCache [ RunTime:0.000366s ]
INFO: [ app_begin ] --END-- [ RunTime:0.000637s ]
NOTIC: [8] Undefined index: open_id /var/www/html/JUSLAND/Wechat/Home/Controller/CommonController.class.php 第 14 行.

[ 2017-02-15T17:58:21+08:00 ] 61.51.194.91 /
INFO: [ app_begin ] --START--
INFO: Run Behavior\ReadHtmlCache [ RunTime:0.000373s ]
INFO: [ app_begin ] --END-- [ RunTime:0.000647s ]
NOTIC: [8] Undefined index: open_id /var/www/html/JUSLAND/Wechat/Home/Controller/CommonController.class.php 第 14 行.
NOTIC: [8] Undefined index: code /var/www/html/JUSLAND/Wechat/Home/Controller/CommonController.class.php 第 23 行.

[ 2017-02-15T17:58:22+08:00 ] 61.51.194.91 /?code=051onDsd1NT8su0E97sd1J8Rsd1onDsc&state=STATE
INFO: [ app_begin ] --START--
INFO: Run Behavior\ReadHtmlCache [ RunTime:0.000374s ]
INFO: [ app_begin ] --END-- [ RunTime:0.000647s ]
NOTIC: [8] Undefined index: open_id /var/www/html/JUSLAND/Wechat/Home/Controller/CommonController.class.php 第 14 行.

[ 2017-02-15T18:02:15+08:00 ] 61.51.194.91 /?code=051onDsd1NT8su0E97sd1J8Rsd1onDsc&state=STATE
INFO: [ app_begin ] --START--
INFO: Run Behavior\ReadHtmlCache [ RunTime:0.000362s ]
INFO: [ app_begin ] --END-- [ RunTime:0.000633s ]
NOTIC: [8] Undefined index: open_id /var/www/html/JUSLAND/Wechat/Home/Controller/CommonController.class.php 第 14 行.
INFO: [ app_end ] --START--
INFO: Run Behavior\ShowPageTrace [ RunTime:0.000383s ]
INFO: [ app_end ] --END-- [ RunTime:0.000436s ]

[ 2017-02-15T18:02:26+08:00 ] 61.51.194.91 /?code=051onDsd1NT8su0E97sd1J8Rsd1onDsc&state=STATE
INFO: [ app_begin ] --START--
INFO: Run Behavior\ReadHtmlCache [ RunTime:0.000370s ]
INFO: [ app_begin ] --END-- [ RunTime:0.000641s ]
NOTIC: [8] Undefined index: open_id /var/www/html/JUSLAND/Wechat/Home/Controller/CommonController.class.php 第 14 行.

[ 2017-02-15T18:21:56+08:00 ] 61.51.194.91 /
INFO: [ app_begin ] --START--
INFO: Run Behavior\ReadHtmlCache [ RunTime:0.000368s ]
INFO: [ app_begin ] --END-- [ RunTime:0.000644s ]
NOTIC: [8] Undefined index: open_id /var/www/html/JUSLAND/Wechat/Home/Controller/CommonController.class.php 第 14 行.
NOTIC: [8] Undefined index: code /var/www/html/JUSLAND/Wechat/Home/Controller/CommonController.class.php 第 23 行.

[ 2017-02-15T18:21:58+08:00 ] 61.51.194.91 /?code=021LoBsp1juozo0rD7rp1EYysp1LoBsO&state=STATE
INFO: [ app_begin ] --START--
INFO: Run Behavior\ReadHtmlCache [ RunTime:0.000365s ]
INFO: [ app_begin ] --END-- [ RunTime:0.000643s ]
NOTIC: [8] Undefined index: open_id /var/www/html/JUSLAND/Wechat/Home/Controller/CommonController.class.php 第 14 行.

[ 2017-02-15T18:22:13+08:00 ] 61.51.194.91 /?code=021LoBsp1juozo0rD7rp1EYysp1LoBsO&state=STATE
INFO: [ app_begin ] --START--
INFO: Run Behavior\ReadHtmlCache [ RunTime:0.000373s ]
INFO: [ app_begin ] --END-- [ RunTime:0.000648s ]
NOTIC: [8] Undefined index: open_id /var/www/html/JUSLAND/Wechat/Home/Controller/CommonController.class.php 第 14 行.

[ 2017-02-15T18:22:17+08:00 ] 61.51.194.91 /
INFO: [ app_begin ] --START--
INFO: Run Behavior\ReadHtmlCache [ RunTime:0.000366s ]
INFO: [ app_begin ] --END-- [ RunTime:0.000643s ]
NOTIC: [8] Undefined index: open_id /var/www/html/JUSLAND/Wechat/Home/Controller/CommonController.class.php 第 14 行.
NOTIC: [8] Undefined index: code /var/www/html/JUSLAND/Wechat/Home/Controller/CommonController.class.php 第 23 行.

[ 2017-02-15T18:22:19+08:00 ] 61.51.194.91 /?code=031uM7oj19nafz02vRmj1uFpoj1uM7o-&state=STATE
INFO: [ app_begin ] --START--
INFO: Run Behavior\ReadHtmlCache [ RunTime:0.000370s ]
INFO: [ app_begin ] --END-- [ RunTime:0.000645s ]
NOTIC: [8] Undefined index: open_id /var/www/html/JUSLAND/Wechat/Home/Controller/CommonController.class.php 第 14 行.

[ 2017-02-15T18:22:46+08:00 ] 61.51.194.91 /
INFO: [ app_begin ] --START--
INFO: Run Behavior\ReadHtmlCache [ RunTime:0.000372s ]
INFO: [ app_begin ] --END-- [ RunTime:0.000649s ]
NOTIC: [8] Undefined index: open_id /var/www/html/JUSLAND/Wechat/Home/Controller/CommonController.class.php 第 14 行.
NOTIC: [8] Undefined index: code /var/www/html/JUSLAND/Wechat/Home/Controller/CommonController.class.php 第 23 行.

[ 2017-02-15T18:22:47+08:00 ] 61.51.194.91 /?code=001nRp9B0GFlnc2wXB7B0ZaM9B0nRp9R&state=STATE
INFO: [ app_begin ] --START--
INFO: Run Behavior\ReadHtmlCache [ RunTime:0.000368s ]
INFO: [ app_begin ] --END-- [ RunTime:0.000644s ]
NOTIC: [8] Undefined index: open_id /var/www/html/JUSLAND/Wechat/Home/Controller/CommonController.class.php 第 14 行.

[ 2017-02-15T18:25:59+08:00 ] 61.51.194.91 /
INFO: [ app_begin ] --START--
INFO: Run Behavior\ReadHtmlCache [ RunTime:0.000369s ]
INFO: [ app_begin ] --END-- [ RunTime:0.000650s ]
NOTIC: [8] Undefined index: open_id /var/www/html/JUSLAND/Wechat/Home/Controller/CommonController.class.php 第 14 行.
NOTIC: [8] Undefined index: code /var/www/html/JUSLAND/Wechat/Home/Controller/CommonController.class.php 第 23 行.

[ 2017-02-15T18:26:00+08:00 ] 61.51.194.91 /?code=021rFp0Y0DqebZ1Gpz1Y0gH80Y0rFp0U&state=STATE
INFO: [ app_begin ] --START--
INFO: Run Behavior\ReadHtmlCache [ RunTime:0.000374s ]
INFO: [ app_begin ] --END-- [ RunTime:0.000649s ]
NOTIC: [8] Undefined index: open_id /var/www/html/JUSLAND/Wechat/Home/Controller/CommonController.class.php 第 14 行.

[ 2017-02-15T18:30:07+08:00 ] 61.51.194.91 /
INFO: [ app_begin ] --START--
INFO: Run Behavior\ReadHtmlCache [ RunTime:0.000375s ]
INFO: [ app_begin ] --END-- [ RunTime:0.000649s ]
NOTIC: [8] Undefined index: open_id /var/www/html/JUSLAND/Wechat/Home/Controller/CommonController.class.php 第 14 行.
NOTIC: [8] Undefined index: code /var/www/html/JUSLAND/Wechat/Home/Controller/CommonController.class.php 第 23 行.

[ 2017-02-15T18:30:08+08:00 ] 61.51.194.91 /?code=051Qp3v906zoWt1E4ru90Xc7v90Qp3vg&state=STATE
INFO: [ app_begin ] --START--
INFO: Run Behavior\ReadHtmlCache [ RunTime:0.000370s ]
INFO: [ app_begin ] --END-- [ RunTime:0.000645s ]
NOTIC: [8] Undefined index: open_id /var/www/html/JUSLAND/Wechat/Home/Controller/CommonController.class.php 第 14 行.

[ 2017-02-15T18:31:25+08:00 ] 123.151.138.60 /
INFO: [ app_begin ] --START--
INFO: Run Behavior\ReadHtmlCache [ RunTime:0.000378s ]
INFO: [ app_begin ] --END-- [ RunTime:0.000655s ]
NOTIC: [8] Undefined index: open_id /var/www/html/JUSLAND/Wechat/Home/Controller/CommonController.class.php 第 14 行.
NOTIC: [8] Undefined index: code /var/www/html/JUSLAND/Wechat/Home/Controller/CommonController.class.php 第 23 行.

[ 2017-02-15T18:31:26+08:00 ] 123.151.138.60 /?code=021ZupP31ZojyM1r7iQ31FNyP31ZupP-&state=STATE
INFO: [ app_begin ] --START--
INFO: Run Behavior\ReadHtmlCache [ RunTime:0.000368s ]
INFO: [ app_begin ] --END-- [ RunTime:0.000651s ]
NOTIC: [8] Undefined index: open_id /var/www/html/JUSLAND/Wechat/Home/Controller/CommonController.class.php 第 14 行.

[ 2017-02-15T22:37:40+08:00 ] 221.220.63.19 /
INFO: [ app_begin ] --START--
INFO: Run Behavior\ReadHtmlCache [ RunTime:0.000361s ]
INFO: [ app_begin ] --END-- [ RunTime:0.000632s ]
NOTIC: [8] Undefined index: open_id /var/www/html/JUSLAND/Wechat/Home/Controller/CommonController.class.php 第 14 行.
NOTIC: [8] Undefined index: code /var/www/html/JUSLAND/Wechat/Home/Controller/CommonController.class.php 第 23 行.

[ 2017-02-15T22:37:51+08:00 ] 221.220.63.19 /?code=001O0CbV1HPFUS0vSK9V11BlbV1O0CbV&state=STATE
INFO: [ app_begin ] --START--
INFO: Run Behavior\ReadHtmlCache [ RunTime:0.000377s ]
INFO: [ app_begin ] --END-- [ RunTime:0.000656s ]
NOTIC: [8] Undefined index: open_id /var/www/html/JUSLAND/Wechat/Home/Controller/CommonController.class.php 第 14 行.
INFO: [ app_end ] --START--
INFO: Run Behavior\ShowPageTrace [ RunTime:0.000469s ]
INFO: [ app_end ] --END-- [ RunTime:0.000546s ]

[ 2017-02-15T22:38:23+08:00 ] 114.242.248.115 /?code=001O0CbV1HPFUS0vSK9V11BlbV1O0CbV&state=STATE
INFO: [ app_begin ] --START--
INFO: Run Behavior\ReadHtmlCache [ RunTime:0.000398s ]
INFO: [ app_begin ] --END-- [ RunTime:0.000741s ]
NOTIC: [8] Undefined index: open_id /var/www/html/JUSLAND/Wechat/Home/Controller/CommonController.class.php 第 14 行.
INFO: [ app_end ] --START--
INFO: Run Behavior\ShowPageTrace [ RunTime:0.000503s ]
INFO: [ app_end ] --END-- [ RunTime:0.000585s ]

[ 2017-02-15T22:38:33+08:00 ] 114.242.248.115 /
INFO: [ app_begin ] --START--
INFO: Run Behavior\ReadHtmlCache [ RunTime:0.000364s ]
INFO: [ app_begin ] --END-- [ RunTime:0.000644s ]
NOTIC: [8] Undefined index: open_id /var/www/html/JUSLAND/Wechat/Home/Controller/CommonController.class.php 第 14 行.
NOTIC: [8] Undefined index: code /var/www/html/JUSLAND/Wechat/Home/Controller/CommonController.class.php 第 23 行.

[ 2017-02-15T22:38:34+08:00 ] 114.242.248.115 /?code=031RIjyX1dyaFW0JdTwX1JsFyX1RIjyd&state=STATE
INFO: [ app_begin ] --START--
INFO: Run Behavior\ReadHtmlCache [ RunTime:0.000367s ]
INFO: [ app_begin ] --END-- [ RunTime:0.000643s ]
NOTIC: [8] Undefined index: open_id /var/www/html/JUSLAND/Wechat/Home/Controller/CommonController.class.php 第 14 行.
INFO: [ app_end ] --START--
INFO: Run Behavior\ShowPageTrace [ RunTime:0.000464s ]
INFO: [ app_end ] --END-- [ RunTime:0.000530s ]

[ 2017-02-15T22:39:42+08:00 ] 114.242.248.115 /
INFO: [ app_begin ] --START--
INFO: Run Behavior\ReadHtmlCache [ RunTime:0.000367s ]
INFO: [ app_begin ] --END-- [ RunTime:0.000642s ]
NOTIC: [8] Undefined index: open_id /var/www/html/JUSLAND/Wechat/Home/Controller/CommonController.class.php 第 14 行.
NOTIC: [8] Undefined index: code /var/www/html/JUSLAND/Wechat/Home/Controller/CommonController.class.php 第 23 行.

[ 2017-02-15T22:39:43+08:00 ] 114.242.248.115 /?code=011SOhYU0PcQXW1jJwXU0QwcYU0SOhY3&state=STATE
INFO: [ app_begin ] --START--
INFO: Run Behavior\ReadHtmlCache [ RunTime:0.000365s ]
INFO: [ app_begin ] --END-- [ RunTime:0.000640s ]
NOTIC: [8] Undefined index: open_id /var/www/html/JUSLAND/Wechat/Home/Controller/CommonController.class.php 第 14 行.
INFO: [ app_end ] --START--
INFO: Run Behavior\ShowPageTrace [ RunTime:0.000485s ]
INFO: [ app_end ] --END-- [ RunTime:0.000565s ]

[ 2017-02-15T22:39:54+08:00 ] 114.242.248.115 /?code=011SOhYU0PcQXW1jJwXU0QwcYU0SOhY3&state=STATE
INFO: [ app_begin ] --START--
INFO: Run Behavior\ReadHtmlCache [ RunTime:0.000370s ]
INFO: [ app_begin ] --END-- [ RunTime:0.000642s ]
NOTIC: [8] Undefined index: open_id /var/www/html/JUSLAND/Wechat/Home/Controller/CommonController.class.php 第 14 行.
INFO: [ app_end ] --START--
INFO: Run Behavior\ShowPageTrace [ RunTime:0.000485s ]
INFO: [ app_end ] --END-- [ RunTime:0.000558s ]

[ 2017-02-15T22:40:05+08:00 ] 114.242.248.115 /
INFO: [ app_begin ] --START--
INFO: Run Behavior\ReadHtmlCache [ RunTime:0.000368s ]
INFO: [ app_begin ] --END-- [ RunTime:0.000644s ]
NOTIC: [8] Undefined index: open_id /var/www/html/JUSLAND/Wechat/Home/Controller/CommonController.class.php 第 14 行.
NOTIC: [8] Undefined index: code /var/www/html/JUSLAND/Wechat/Home/Controller/CommonController.class.php 第 23 行.

[ 2017-02-15T22:40:06+08:00 ] 114.242.248.115 /?code=031rv7h30nT3vE14uVh30Pjch30rv7h7&state=STATE
INFO: [ app_begin ] --START--
INFO: Run Behavior\ReadHtmlCache [ RunTime:0.000367s ]
INFO: [ app_begin ] --END-- [ RunTime:0.000654s ]
NOTIC: [8] Undefined index: open_id /var/www/html/JUSLAND/Wechat/Home/Controller/CommonController.class.php 第 14 行.
INFO: [ app_end ] --START--
INFO: Run Behavior\ShowPageTrace [ RunTime:0.000448s ]
INFO: [ app_end ] --END-- [ RunTime:0.000520s ]

[ 2017-02-15T22:40:18+08:00 ] 114.242.248.115 /
INFO: [ app_begin ] --START--
INFO: Run Behavior\ReadHtmlCache [ RunTime:0.000367s ]
INFO: [ app_begin ] --END-- [ RunTime:0.000642s ]
NOTIC: [8] Undefined index: open_id /var/www/html/JUSLAND/Wechat/Home/Controller/CommonController.class.php 第 14 行.
NOTIC: [8] Undefined index: code /var/www/html/JUSLAND/Wechat/Home/Controller/CommonController.class.php 第 23 行.

[ 2017-02-15T22:40:19+08:00 ] 114.242.248.115 /?code=051JGLjf1CD9Dw0DZelf1eevjf1JGLjA&state=STATE
INFO: [ app_begin ] --START--
INFO: Run Behavior\ReadHtmlCache [ RunTime:0.000405s ]
INFO: [ app_begin ] --END-- [ RunTime:0.000746s ]
NOTIC: [8] Undefined index: open_id /var/www/html/JUSLAND/Wechat/Home/Controller/CommonController.class.php 第 14 行.
INFO: [ app_end ] --START--
INFO: Run Behavior\ShowPageTrace [ RunTime:0.000480s ]
INFO: [ app_end ] --END-- [ RunTime:0.000558s ]

