[ 2017-02-16T08:40:15+08:00 ] 123.151.138.60 /
INFO: [ app_begin ] --START--
INFO: Run Behavior\ReadHtmlCache [ RunTime:0.000404s ]
INFO: [ app_begin ] --END-- [ RunTime:0.000755s ]
NOTIC: [8] Undefined index: open_id /var/www/html/JUSLAND/Wechat/Home/Controller/CommonController.class.php 第 14 行.
NOTIC: [8] Undefined index: code /var/www/html/JUSLAND/Wechat/Home/Controller/CommonController.class.php 第 23 行.

[ 2017-02-16T08:40:16+08:00 ] 123.151.138.60 /?code=031QfYhs03dU0b1zmdjs0xGcis0QfYhG&state=STATE
INFO: [ app_begin ] --START--
INFO: Run Behavior\ReadHtmlCache [ RunTime:0.000373s ]
INFO: [ app_begin ] --END-- [ RunTime:0.000654s ]
NOTIC: [8] Undefined index: open_id /var/www/html/JUSLAND/Wechat/Home/Controller/CommonController.class.php 第 14 行.
INFO: [ app_end ] --START--
INFO: Run Behavior\ShowPageTrace [ RunTime:0.000474s ]
INFO: [ app_end ] --END-- [ RunTime:0.000550s ]

[ 2017-02-16T09:34:13+08:00 ] 123.113.158.110 /
INFO: [ app_begin ] --START--
INFO: Run Behavior\ReadHtmlCache [ RunTime:0.000373s ]
INFO: [ app_begin ] --END-- [ RunTime:0.000648s ]
NOTIC: [8] Undefined index: open_id /var/www/html/JUSLAND/Wechat/Home/Controller/CommonController.class.php 第 14 行.
NOTIC: [8] Undefined index: code /var/www/html/JUSLAND/Wechat/Home/Controller/CommonController.class.php 第 23 行.

[ 2017-02-16T09:34:34+08:00 ] 123.113.158.110 /
INFO: [ app_begin ] --START--
INFO: Run Behavior\ReadHtmlCache [ RunTime:0.000375s ]
INFO: [ app_begin ] --END-- [ RunTime:0.000650s ]
NOTIC: [8] Undefined index: open_id /var/www/html/JUSLAND/Wechat/Home/Controller/CommonController.class.php 第 14 行.
NOTIC: [8] Undefined index: code /var/www/html/JUSLAND/Wechat/Home/Controller/CommonController.class.php 第 23 行.

[ 2017-02-16T09:34:35+08:00 ] 123.113.158.110 /?code=031uNkMg2SS98E06YUIg2phrMg2uNkMr&state=STATE
INFO: [ app_begin ] --START--
INFO: Run Behavior\ReadHtmlCache [ RunTime:0.000367s ]
INFO: [ app_begin ] --END-- [ RunTime:0.000643s ]
NOTIC: [8] Undefined index: open_id /var/www/html/JUSLAND/Wechat/Home/Controller/CommonController.class.php 第 14 行.
INFO: [ app_end ] --START--
INFO: Run Behavior\ShowPageTrace [ RunTime:0.000480s ]
INFO: [ app_end ] --END-- [ RunTime:0.000564s ]

[ 2017-02-16T09:34:54+08:00 ] 101.226.33.239 /
INFO: [ app_begin ] --START--
INFO: Run Behavior\ReadHtmlCache [ RunTime:0.000370s ]
INFO: [ app_begin ] --END-- [ RunTime:0.000651s ]
NOTIC: [8] Undefined index: open_id /var/www/html/JUSLAND/Wechat/Home/Controller/CommonController.class.php 第 14 行.
NOTIC: [8] Undefined index: code /var/www/html/JUSLAND/Wechat/Home/Controller/CommonController.class.php 第 23 行.

[ 2017-02-16T09:44:00+08:00 ] 123.113.158.110 /
INFO: [ app_begin ] --START--
INFO: Run Behavior\ReadHtmlCache [ RunTime:0.000370s ]
INFO: [ app_begin ] --END-- [ RunTime:0.000644s ]
NOTIC: [8] Undefined index: open_id /var/www/html/JUSLAND/Wechat/Home/Controller/CommonController.class.php 第 14 行.
NOTIC: [8] Undefined index: code /var/www/html/JUSLAND/Wechat/Home/Controller/CommonController.class.php 第 23 行.

[ 2017-02-16T09:44:03+08:00 ] 123.113.158.110 /?code=021X1UJv1TOExb0S7bIv1kDWJv1X1UJQ&state=STATE
INFO: [ app_begin ] --START--
INFO: Run Behavior\ReadHtmlCache [ RunTime:0.000365s ]
INFO: [ app_begin ] --END-- [ RunTime:0.000645s ]
NOTIC: [8] Undefined index: open_id /var/www/html/JUSLAND/Wechat/Home/Controller/CommonController.class.php 第 14 行.

[ 2017-02-16T09:44:04+08:00 ] 123.113.158.110 /
INFO: [ app_begin ] --START--
INFO: Run Behavior\ReadHtmlCache [ RunTime:0.000364s ]
INFO: [ app_begin ] --END-- [ RunTime:0.000642s ]
NOTIC: [8] Undefined index: open_id /var/www/html/JUSLAND/Wechat/Home/Controller/CommonController.class.php 第 14 行.
NOTIC: [8] Undefined index: code /var/www/html/JUSLAND/Wechat/Home/Controller/CommonController.class.php 第 23 行.

[ 2017-02-16T09:44:06+08:00 ] 123.113.158.110 /?code=031bgE2r1kT4Sp046h1r1glL2r1bgE2-&state=STATE
INFO: [ app_begin ] --START--
INFO: Run Behavior\ReadHtmlCache [ RunTime:0.000365s ]
INFO: [ app_begin ] --END-- [ RunTime:0.000647s ]
NOTIC: [8] Undefined index: open_id /var/www/html/JUSLAND/Wechat/Home/Controller/CommonController.class.php 第 14 行.

[ 2017-02-16T13:12:31+08:00 ] 123.113.158.110 /
INFO: [ app_begin ] --START--
INFO: Run Behavior\ReadHtmlCache [ RunTime:0.000366s ]
INFO: [ app_begin ] --END-- [ RunTime:0.000638s ]
NOTIC: [8] Undefined index: open_id /var/www/html/JUSLAND/Wechat/Home/Controller/CommonController.class.php 第 14 行.
NOTIC: [8] Undefined index: code /var/www/html/JUSLAND/Wechat/Home/Controller/CommonController.class.php 第 23 行.

[ 2017-02-16T13:12:33+08:00 ] 123.113.158.110 /?code=001EaFKK0s0dU42j13LK0ZpOKK0EaFK4&state=STATE
INFO: [ app_begin ] --START--
INFO: Run Behavior\ReadHtmlCache [ RunTime:0.000367s ]
INFO: [ app_begin ] --END-- [ RunTime:0.000650s ]
NOTIC: [8] Undefined index: open_id /var/www/html/JUSLAND/Wechat/Home/Controller/CommonController.class.php 第 14 行.

[ 2017-02-16T13:12:43+08:00 ] 123.113.158.110 /
INFO: [ app_begin ] --START--
INFO: Run Behavior\ReadHtmlCache [ RunTime:0.000369s ]
INFO: [ app_begin ] --END-- [ RunTime:0.000650s ]
NOTIC: [8] Undefined index: open_id /var/www/html/JUSLAND/Wechat/Home/Controller/CommonController.class.php 第 14 行.
NOTIC: [8] Undefined index: code /var/www/html/JUSLAND/Wechat/Home/Controller/CommonController.class.php 第 23 行.

[ 2017-02-16T13:12:45+08:00 ] 123.113.158.110 /?code=051CBYWf2A4xLE0LoyWf2vofXf2CBYWU&state=STATE
INFO: [ app_begin ] --START--
INFO: Run Behavior\ReadHtmlCache [ RunTime:0.000372s ]
INFO: [ app_begin ] --END-- [ RunTime:0.000648s ]
NOTIC: [8] Undefined index: open_id /var/www/html/JUSLAND/Wechat/Home/Controller/CommonController.class.php 第 14 行.

[ 2017-02-16T13:15:14+08:00 ] 123.113.158.110 /
INFO: [ app_begin ] --START--
INFO: Run Behavior\ReadHtmlCache [ RunTime:0.000368s ]
INFO: [ app_begin ] --END-- [ RunTime:0.000647s ]
NOTIC: [8] Undefined index: open_id /var/www/html/JUSLAND/Wechat/Home/Controller/CommonController.class.php 第 14 行.
NOTIC: [8] Undefined index: code /var/www/html/JUSLAND/Wechat/Home/Controller/CommonController.class.php 第 23 行.

[ 2017-02-16T13:15:16+08:00 ] 123.113.158.110 /?code=041bfGk02cnYkY0ymAm02IWGk02bfGkO&state=STATE
INFO: [ app_begin ] --START--
INFO: Run Behavior\ReadHtmlCache [ RunTime:0.000367s ]
INFO: [ app_begin ] --END-- [ RunTime:0.000643s ]
NOTIC: [8] Undefined index: open_id /var/www/html/JUSLAND/Wechat/Home/Controller/CommonController.class.php 第 14 行.

[ 2017-02-16T13:24:45+08:00 ] 123.113.158.110 /
INFO: [ app_begin ] --START--
INFO: Run Behavior\ReadHtmlCache [ RunTime:0.000376s ]
INFO: [ app_begin ] --END-- [ RunTime:0.000651s ]
NOTIC: [8] Undefined index: open_id /var/www/html/JUSLAND/Wechat/Home/Controller/CommonController.class.php 第 14 行.
NOTIC: [8] Undefined index: code /var/www/html/JUSLAND/Wechat/Home/Controller/CommonController.class.php 第 23 行.

[ 2017-02-16T13:24:50+08:00 ] 123.113.158.110 /?code=041Iltth2ZPG9F0itzrh2VaNth2IlttV&state=STATE
INFO: [ app_begin ] --START--
INFO: Run Behavior\ReadHtmlCache [ RunTime:0.000366s ]
INFO: [ app_begin ] --END-- [ RunTime:0.000650s ]
NOTIC: [8] Undefined index: open_id /var/www/html/JUSLAND/Wechat/Home/Controller/CommonController.class.php 第 14 行.

[ 2017-02-16T13:25:27+08:00 ] 123.113.158.110 /
INFO: [ app_begin ] --START--
INFO: Run Behavior\ReadHtmlCache [ RunTime:0.000369s ]
INFO: [ app_begin ] --END-- [ RunTime:0.000639s ]
NOTIC: [8] Undefined index: open_id /var/www/html/JUSLAND/Wechat/Home/Controller/CommonController.class.php 第 14 行.
NOTIC: [8] Undefined index: code /var/www/html/JUSLAND/Wechat/Home/Controller/CommonController.class.php 第 23 行.

[ 2017-02-16T13:25:31+08:00 ] 123.113.158.110 /?code=031hIHwj1vO5Fz0xZUwj1WZowj1hIHwi&state=STATE
INFO: [ app_begin ] --START--
INFO: Run Behavior\ReadHtmlCache [ RunTime:0.000363s ]
INFO: [ app_begin ] --END-- [ RunTime:0.000637s ]
NOTIC: [8] Undefined index: open_id /var/www/html/JUSLAND/Wechat/Home/Controller/CommonController.class.php 第 14 行.

[ 2017-02-16T13:25:38+08:00 ] 123.113.158.110 /
INFO: [ app_begin ] --START--
INFO: Run Behavior\ReadHtmlCache [ RunTime:0.000362s ]
INFO: [ app_begin ] --END-- [ RunTime:0.000633s ]
NOTIC: [8] Undefined index: open_id /var/www/html/JUSLAND/Wechat/Home/Controller/CommonController.class.php 第 14 行.
NOTIC: [8] Undefined index: code /var/www/html/JUSLAND/Wechat/Home/Controller/CommonController.class.php 第 23 行.

[ 2017-02-16T13:25:43+08:00 ] 123.113.158.110 /?code=031qbSKt0M9Lzd1jueNt0ZDVKt0qbSKm&state=STATE
INFO: [ app_begin ] --START--
INFO: Run Behavior\ReadHtmlCache [ RunTime:0.000365s ]
INFO: [ app_begin ] --END-- [ RunTime:0.000636s ]
NOTIC: [8] Undefined index: open_id /var/www/html/JUSLAND/Wechat/Home/Controller/CommonController.class.php 第 14 行.

[ 2017-02-16T13:29:53+08:00 ] 123.113.158.110 /
INFO: [ app_begin ] --START--
INFO: Run Behavior\ReadHtmlCache [ RunTime:0.000364s ]
INFO: [ app_begin ] --END-- [ RunTime:0.000639s ]

[ 2017-02-16T13:30:22+08:00 ] 123.113.158.110 /
INFO: [ app_begin ] --START--
INFO: Run Behavior\ReadHtmlCache [ RunTime:0.000362s ]
INFO: [ app_begin ] --END-- [ RunTime:0.000640s ]
NOTIC: [8] Undefined index: open_id /var/www/html/JUSLAND/Wechat/Home/Controller/CommonController.class.php 第 14 行.
NOTIC: [8] Undefined index: code /var/www/html/JUSLAND/Wechat/Home/Controller/CommonController.class.php 第 23 行.

[ 2017-02-16T13:30:26+08:00 ] 123.113.158.110 /?code=001CIBlw1HKtkd0iZPmw1qyrlw1CIBlk&state=STATE
INFO: [ app_begin ] --START--
INFO: Run Behavior\ReadHtmlCache [ RunTime:0.000367s ]
INFO: [ app_begin ] --END-- [ RunTime:0.000646s ]
NOTIC: [8] Undefined index: open_id /var/www/html/JUSLAND/Wechat/Home/Controller/CommonController.class.php 第 14 行.

[ 2017-02-16T14:05:13+08:00 ] 123.113.158.110 /?code=001CIBlw1HKtkd0iZPmw1qyrlw1CIBlk&state=STATE
INFO: [ app_begin ] --START--
INFO: Run Behavior\ReadHtmlCache [ RunTime:0.000366s ]
INFO: [ app_begin ] --END-- [ RunTime:0.000647s ]
NOTIC: [8] Undefined index: open_id /var/www/html/JUSLAND/Wechat/Home/Controller/CommonController.class.php 第 14 行.
NOTIC: [8] Undefined index: access_token /var/www/html/JUSLAND/Wechat/Home/Controller/CommonController.class.php 第 35 行.
NOTIC: [8] Undefined index: openid /var/www/html/JUSLAND/Wechat/Home/Controller/CommonController.class.php 第 35 行.

[ 2017-02-16T14:05:19+08:00 ] 123.113.158.110 /
INFO: [ app_begin ] --START--
INFO: Run Behavior\ReadHtmlCache [ RunTime:0.000371s ]
INFO: [ app_begin ] --END-- [ RunTime:0.000653s ]
NOTIC: [8] Undefined index: open_id /var/www/html/JUSLAND/Wechat/Home/Controller/CommonController.class.php 第 14 行.
NOTIC: [8] Undefined index: code /var/www/html/JUSLAND/Wechat/Home/Controller/CommonController.class.php 第 23 行.

[ 2017-02-16T14:05:25+08:00 ] 123.113.158.110 /?code=021diJw01JIjQ22GnHy01y8Lw01diJw2&state=STATE
INFO: [ app_begin ] --START--
INFO: Run Behavior\ReadHtmlCache [ RunTime:0.000365s ]
INFO: [ app_begin ] --END-- [ RunTime:0.000645s ]
NOTIC: [8] Undefined index: open_id /var/www/html/JUSLAND/Wechat/Home/Controller/CommonController.class.php 第 14 行.

[ 2017-02-16T17:19:58+08:00 ] 123.113.158.110 /
INFO: [ app_begin ] --START--
INFO: Run Behavior\ReadHtmlCache [ RunTime:0.000366s ]
INFO: [ app_begin ] --END-- [ RunTime:0.000644s ]
NOTIC: [8] Undefined index: open_id /var/www/html/JUSLAND/Wechat/Home/Controller/CommonController.class.php 第 14 行.
NOTIC: [8] Undefined index: code /var/www/html/JUSLAND/Wechat/Home/Controller/CommonController.class.php 第 23 行.

[ 2017-02-16T17:20:03+08:00 ] 123.113.158.110 /?code=021258wR0WgqIb26DSyR0Cp8wR0258wp&state=STATE
INFO: [ app_begin ] --START--
INFO: Run Behavior\ReadHtmlCache [ RunTime:0.000369s ]
INFO: [ app_begin ] --END-- [ RunTime:0.000641s ]
NOTIC: [8] Undefined index: open_id /var/www/html/JUSLAND/Wechat/Home/Controller/CommonController.class.php 第 14 行.

[ 2017-02-16T17:20:19+08:00 ] 123.113.158.110 /
INFO: [ app_begin ] --START--
INFO: Run Behavior\ReadHtmlCache [ RunTime:0.000368s ]
INFO: [ app_begin ] --END-- [ RunTime:0.000643s ]
NOTIC: [8] Undefined index: open_id /var/www/html/JUSLAND/Wechat/Home/Controller/CommonController.class.php 第 14 行.
NOTIC: [8] Undefined index: code /var/www/html/JUSLAND/Wechat/Home/Controller/CommonController.class.php 第 23 行.

[ 2017-02-16T17:20:23+08:00 ] 123.113.158.110 /?code=051Jxj3Z1FyXUX0QV64Z10Oe3Z1Jxj3c&state=STATE
INFO: [ app_begin ] --START--
INFO: Run Behavior\ReadHtmlCache [ RunTime:0.000368s ]
INFO: [ app_begin ] --END-- [ RunTime:0.000642s ]
NOTIC: [8] Undefined index: open_id /var/www/html/JUSLAND/Wechat/Home/Controller/CommonController.class.php 第 14 行.

[ 2017-02-16T17:25:07+08:00 ] 123.113.158.110 /
INFO: [ app_begin ] --START--
INFO: Run Behavior\ReadHtmlCache [ RunTime:0.000379s ]
INFO: [ app_begin ] --END-- [ RunTime:0.000671s ]
NOTIC: [8] Undefined index: open_id /var/www/html/JUSLAND/Wechat/Home/Controller/CommonController.class.php 第 14 行.
NOTIC: [8] Undefined index: code /var/www/html/JUSLAND/Wechat/Home/Controller/CommonController.class.php 第 23 行.

[ 2017-02-16T17:25:11+08:00 ] 123.113.158.110 /?code=051wMIEp1wzHvo0UiZFp1whEEp1wMIEF&state=STATE
INFO: [ app_begin ] --START--
INFO: Run Behavior\ReadHtmlCache [ RunTime:0.000374s ]
INFO: [ app_begin ] --END-- [ RunTime:0.000651s ]
NOTIC: [8] Undefined index: open_id /var/www/html/JUSLAND/Wechat/Home/Controller/CommonController.class.php 第 14 行.
SQL: SHOW COLUMNS FROM `member` [ RunTime:0.000545s ]
SQL: SELECT * FROM `member` WHERE ( `openid` = 'oA06fwFE_IryIlF9jb4LLFYnqjG0' ) LIMIT 1   [ RunTime:0.000208s ]
SQL: INSERT INTO `member` (`member_name`,`sex`,`openid`) VALUES ('Boom',2,'oA06fwFE_IryIlF9jb4LLFYnqjG0') [ RunTime:0.075593s ]

[ 2017-02-16T17:25:47+08:00 ] 123.113.158.110 /
INFO: [ app_begin ] --START--
INFO: Run Behavior\ReadHtmlCache [ RunTime:0.000370s ]
INFO: [ app_begin ] --END-- [ RunTime:0.000646s ]
NOTIC: [8] Undefined index: open_id /var/www/html/JUSLAND/Wechat/Home/Controller/CommonController.class.php 第 14 行.
NOTIC: [8] Undefined index: code /var/www/html/JUSLAND/Wechat/Home/Controller/CommonController.class.php 第 23 行.

[ 2017-02-16T17:25:51+08:00 ] 123.113.158.110 /?code=0311uFvE0v6ZGf2waKuE0gCovE01uFve&state=STATE
INFO: [ app_begin ] --START--
INFO: Run Behavior\ReadHtmlCache [ RunTime:0.000364s ]
INFO: [ app_begin ] --END-- [ RunTime:0.000637s ]
NOTIC: [8] Undefined index: open_id /var/www/html/JUSLAND/Wechat/Home/Controller/CommonController.class.php 第 14 行.
SQL: SHOW COLUMNS FROM `member` [ RunTime:0.000539s ]
SQL: SELECT * FROM `member` WHERE ( `openid` = 'oA06fwFE_IryIlF9jb4LLFYnqjG0' ) LIMIT 1   [ RunTime:0.000205s ]
SQL: INSERT INTO `member` (`member_name`,`headimg`,`sex`,`openid`) VALUES ('Boom','http://wx.qlogo.cn/mmopen/Q3auHgzwzM6icU5tPz8mnfs17vd56AHbuA8LiaVd8dqakgj8K2ejhLDqdwiaBReP35A1Iw0T45OktBOictS1QtJwhw/0',2,'oA06fwFE_IryIlF9jb4LLFYnqjG0') [ RunTime:0.069101s ]

[ 2017-02-16T17:33:02+08:00 ] 123.113.158.110 /
INFO: [ app_begin ] --START--
INFO: Run Behavior\ReadHtmlCache [ RunTime:0.000366s ]
INFO: [ app_begin ] --END-- [ RunTime:0.000647s ]
NOTIC: [8] Undefined index: open_id /var/www/html/JUSLAND/Wechat/Home/Controller/CommonController.class.php 第 14 行.
NOTIC: [8] Undefined index: code /var/www/html/JUSLAND/Wechat/Home/Controller/CommonController.class.php 第 23 行.

[ 2017-02-16T17:33:05+08:00 ] 123.113.158.110 /?code=011xvuFq1yyLOp0LoeGq1hLIFq1xvuFh&state=STATE
INFO: [ app_begin ] --START--
INFO: Run Behavior\ReadHtmlCache [ RunTime:0.000365s ]
INFO: [ app_begin ] --END-- [ RunTime:0.000642s ]
NOTIC: [8] Undefined index: open_id /var/www/html/JUSLAND/Wechat/Home/Controller/CommonController.class.php 第 14 行.
SQL: SHOW COLUMNS FROM `member` [ RunTime:0.000529s ]
SQL: SELECT * FROM `member` WHERE ( `openid` = 'oA06fwFE_IryIlF9jb4LLFYnqjG0' ) LIMIT 1   [ RunTime:0.000220s ]
NOTIC: [8] Undefined index: member_id /var/www/html/JUSLAND/Wechat/Home/Controller/CommonController.class.php 第 39 行.
NOTIC: [8] Undefined index: member_name /var/www/html/JUSLAND/Wechat/Home/Controller/CommonController.class.php 第 40 行.

[ 2017-02-16T17:33:06+08:00 ] 123.113.158.110 /home/index/index.html
INFO: [ app_begin ] --START--
INFO: Run Behavior\ReadHtmlCache [ RunTime:0.000375s ]
INFO: [ app_begin ] --END-- [ RunTime:0.000650s ]
NOTIC: [8] Undefined index: open_id /var/www/html/JUSLAND/Wechat/Home/Controller/CommonController.class.php 第 14 行.
NOTIC: [8] Undefined index: code /var/www/html/JUSLAND/Wechat/Home/Controller/CommonController.class.php 第 23 行.

[ 2017-02-16T17:33:10+08:00 ] 123.113.158.110 /?code=031KzUF325y5nK0600J32mRNF32KzUF7&state=STATE
INFO: [ app_begin ] --START--
INFO: Run Behavior\ReadHtmlCache [ RunTime:0.000376s ]
INFO: [ app_begin ] --END-- [ RunTime:0.000651s ]
NOTIC: [8] Undefined index: open_id /var/www/html/JUSLAND/Wechat/Home/Controller/CommonController.class.php 第 14 行.
SQL: SHOW COLUMNS FROM `member` [ RunTime:0.000529s ]
SQL: SELECT * FROM `member` WHERE ( `openid` = 'oA06fwFE_IryIlF9jb4LLFYnqjG0' ) LIMIT 1   [ RunTime:0.000223s ]
NOTIC: [8] Undefined index: member_id /var/www/html/JUSLAND/Wechat/Home/Controller/CommonController.class.php 第 39 行.
NOTIC: [8] Undefined index: member_name /var/www/html/JUSLAND/Wechat/Home/Controller/CommonController.class.php 第 40 行.

[ 2017-02-16T17:33:10+08:00 ] 123.113.158.110 /home/index/index.html
INFO: [ app_begin ] --START--
INFO: Run Behavior\ReadHtmlCache [ RunTime:0.000374s ]
INFO: [ app_begin ] --END-- [ RunTime:0.000644s ]
NOTIC: [8] Undefined index: open_id /var/www/html/JUSLAND/Wechat/Home/Controller/CommonController.class.php 第 14 行.
NOTIC: [8] Undefined index: code /var/www/html/JUSLAND/Wechat/Home/Controller/CommonController.class.php 第 23 行.

[ 2017-02-16T17:33:14+08:00 ] 123.113.158.110 /?code=0317oclz18DDTe0d84mz15xMkz17oclw&state=STATE
INFO: [ app_begin ] --START--
INFO: Run Behavior\ReadHtmlCache [ RunTime:0.000369s ]
INFO: [ app_begin ] --END-- [ RunTime:0.000651s ]
NOTIC: [8] Undefined index: open_id /var/www/html/JUSLAND/Wechat/Home/Controller/CommonController.class.php 第 14 行.
SQL: SHOW COLUMNS FROM `member` [ RunTime:0.000534s ]
SQL: SELECT * FROM `member` WHERE ( `openid` = 'oA06fwFE_IryIlF9jb4LLFYnqjG0' ) LIMIT 1   [ RunTime:0.000213s ]
NOTIC: [8] Undefined index: member_id /var/www/html/JUSLAND/Wechat/Home/Controller/CommonController.class.php 第 39 行.
NOTIC: [8] Undefined index: member_name /var/www/html/JUSLAND/Wechat/Home/Controller/CommonController.class.php 第 40 行.

[ 2017-02-16T17:33:14+08:00 ] 123.113.158.110 /home/index/index.html
INFO: [ app_begin ] --START--
INFO: Run Behavior\ReadHtmlCache [ RunTime:0.000362s ]
INFO: [ app_begin ] --END-- [ RunTime:0.000637s ]
NOTIC: [8] Undefined index: open_id /var/www/html/JUSLAND/Wechat/Home/Controller/CommonController.class.php 第 14 行.
NOTIC: [8] Undefined index: code /var/www/html/JUSLAND/Wechat/Home/Controller/CommonController.class.php 第 23 行.

[ 2017-02-16T17:33:16+08:00 ] 101.226.66.192 /home/index/index.html
INFO: [ app_begin ] --START--
INFO: Run Behavior\ReadHtmlCache [ RunTime:0.000373s ]
INFO: [ app_begin ] --END-- [ RunTime:0.000649s ]
NOTIC: [8] Undefined index: open_id /var/www/html/JUSLAND/Wechat/Home/Controller/CommonController.class.php 第 14 行.
NOTIC: [8] Undefined index: code /var/www/html/JUSLAND/Wechat/Home/Controller/CommonController.class.php 第 23 行.

[ 2017-02-16T17:33:17+08:00 ] 123.113.158.110 /?code=051sk2xb1VAyHr0TD0xb1PP5xb1sk2xP&state=STATE
INFO: [ app_begin ] --START--
INFO: Run Behavior\ReadHtmlCache [ RunTime:0.000375s ]
INFO: [ app_begin ] --END-- [ RunTime:0.000648s ]
NOTIC: [8] Undefined index: open_id /var/www/html/JUSLAND/Wechat/Home/Controller/CommonController.class.php 第 14 行.
SQL: SHOW COLUMNS FROM `member` [ RunTime:0.000552s ]
SQL: SELECT * FROM `member` WHERE ( `openid` = 'oA06fwFE_IryIlF9jb4LLFYnqjG0' ) LIMIT 1   [ RunTime:0.000222s ]
NOTIC: [8] Undefined index: member_id /var/www/html/JUSLAND/Wechat/Home/Controller/CommonController.class.php 第 39 行.
NOTIC: [8] Undefined index: member_name /var/www/html/JUSLAND/Wechat/Home/Controller/CommonController.class.php 第 40 行.

[ 2017-02-16T17:33:17+08:00 ] 123.113.158.110 /home/index/index.html
INFO: [ app_begin ] --START--
INFO: Run Behavior\ReadHtmlCache [ RunTime:0.000367s ]
INFO: [ app_begin ] --END-- [ RunTime:0.000647s ]
NOTIC: [8] Undefined index: open_id /var/www/html/JUSLAND/Wechat/Home/Controller/CommonController.class.php 第 14 行.
NOTIC: [8] Undefined index: code /var/www/html/JUSLAND/Wechat/Home/Controller/CommonController.class.php 第 23 行.

[ 2017-02-16T17:33:21+08:00 ] 123.113.158.110 /?code=031yiNLD0m4jng2FBSJD0X2RLD0yiNLU&state=STATE
INFO: [ app_begin ] --START--
INFO: Run Behavior\ReadHtmlCache [ RunTime:0.000367s ]
INFO: [ app_begin ] --END-- [ RunTime:0.000639s ]
NOTIC: [8] Undefined index: open_id /var/www/html/JUSLAND/Wechat/Home/Controller/CommonController.class.php 第 14 行.
SQL: SHOW COLUMNS FROM `member` [ RunTime:0.000529s ]
SQL: SELECT * FROM `member` WHERE ( `openid` = 'oA06fwFE_IryIlF9jb4LLFYnqjG0' ) LIMIT 1   [ RunTime:0.000215s ]
NOTIC: [8] Undefined index: member_id /var/www/html/JUSLAND/Wechat/Home/Controller/CommonController.class.php 第 39 行.
NOTIC: [8] Undefined index: member_name /var/www/html/JUSLAND/Wechat/Home/Controller/CommonController.class.php 第 40 行.

[ 2017-02-16T17:33:21+08:00 ] 123.113.158.110 /home/index/index.html
INFO: [ app_begin ] --START--
INFO: Run Behavior\ReadHtmlCache [ RunTime:0.000365s ]
INFO: [ app_begin ] --END-- [ RunTime:0.000643s ]
NOTIC: [8] Undefined index: open_id /var/www/html/JUSLAND/Wechat/Home/Controller/CommonController.class.php 第 14 行.
NOTIC: [8] Undefined index: code /var/www/html/JUSLAND/Wechat/Home/Controller/CommonController.class.php 第 23 行.

[ 2017-02-16T17:33:24+08:00 ] 180.153.214.192 /home/index/index.html
INFO: [ app_begin ] --START--
INFO: Run Behavior\ReadHtmlCache [ RunTime:0.000371s ]
INFO: [ app_begin ] --END-- [ RunTime:0.000641s ]
NOTIC: [8] Undefined index: open_id /var/www/html/JUSLAND/Wechat/Home/Controller/CommonController.class.php 第 14 行.
NOTIC: [8] Undefined index: code /var/www/html/JUSLAND/Wechat/Home/Controller/CommonController.class.php 第 23 行.

[ 2017-02-16T17:33:24+08:00 ] 123.113.158.110 /?code=0511kEk51T7drP1Mxuk51Igtk511kEk6&state=STATE
INFO: [ app_begin ] --START--
INFO: Run Behavior\ReadHtmlCache [ RunTime:0.000365s ]
INFO: [ app_begin ] --END-- [ RunTime:0.000638s ]
NOTIC: [8] Undefined index: open_id /var/www/html/JUSLAND/Wechat/Home/Controller/CommonController.class.php 第 14 行.
SQL: SHOW COLUMNS FROM `member` [ RunTime:0.000534s ]
SQL: SELECT * FROM `member` WHERE ( `openid` = 'oA06fwFE_IryIlF9jb4LLFYnqjG0' ) LIMIT 1   [ RunTime:0.000212s ]
NOTIC: [8] Undefined index: member_id /var/www/html/JUSLAND/Wechat/Home/Controller/CommonController.class.php 第 39 行.
NOTIC: [8] Undefined index: member_name /var/www/html/JUSLAND/Wechat/Home/Controller/CommonController.class.php 第 40 行.

[ 2017-02-16T17:33:24+08:00 ] 123.113.158.110 /home/index/index.html
INFO: [ app_begin ] --START--
INFO: Run Behavior\ReadHtmlCache [ RunTime:0.000372s ]
INFO: [ app_begin ] --END-- [ RunTime:0.000641s ]
NOTIC: [8] Undefined index: open_id /var/www/html/JUSLAND/Wechat/Home/Controller/CommonController.class.php 第 14 行.
NOTIC: [8] Undefined index: code /var/www/html/JUSLAND/Wechat/Home/Controller/CommonController.class.php 第 23 行.

[ 2017-02-16T17:33:28+08:00 ] 123.113.158.110 /?code=041lsAQ01jp3a32txEQ01BfUQ01lsAQ2&state=STATE
INFO: [ app_begin ] --START--
INFO: Run Behavior\ReadHtmlCache [ RunTime:0.000370s ]
INFO: [ app_begin ] --END-- [ RunTime:0.000641s ]
NOTIC: [8] Undefined index: open_id /var/www/html/JUSLAND/Wechat/Home/Controller/CommonController.class.php 第 14 行.
SQL: SHOW COLUMNS FROM `member` [ RunTime:0.000567s ]
SQL: SELECT * FROM `member` WHERE ( `openid` = 'oA06fwFE_IryIlF9jb4LLFYnqjG0' ) LIMIT 1   [ RunTime:0.000253s ]
NOTIC: [8] Undefined index: member_id /var/www/html/JUSLAND/Wechat/Home/Controller/CommonController.class.php 第 39 行.
NOTIC: [8] Undefined index: member_name /var/www/html/JUSLAND/Wechat/Home/Controller/CommonController.class.php 第 40 行.

[ 2017-02-16T17:33:28+08:00 ] 123.113.158.110 /home/index/index.html
INFO: [ app_begin ] --START--
INFO: Run Behavior\ReadHtmlCache [ RunTime:0.000374s ]
INFO: [ app_begin ] --END-- [ RunTime:0.000647s ]
NOTIC: [8] Undefined index: open_id /var/www/html/JUSLAND/Wechat/Home/Controller/CommonController.class.php 第 14 行.
NOTIC: [8] Undefined index: code /var/www/html/JUSLAND/Wechat/Home/Controller/CommonController.class.php 第 23 行.

[ 2017-02-16T17:33:32+08:00 ] 123.113.158.110 /?code=051jteLt1Y54B90uR4Mt1z2UKt1jteLh&state=STATE
INFO: [ app_begin ] --START--
INFO: Run Behavior\ReadHtmlCache [ RunTime:0.000374s ]
INFO: [ app_begin ] --END-- [ RunTime:0.000651s ]
NOTIC: [8] Undefined index: open_id /var/www/html/JUSLAND/Wechat/Home/Controller/CommonController.class.php 第 14 行.
SQL: SHOW COLUMNS FROM `member` [ RunTime:0.000534s ]
SQL: SELECT * FROM `member` WHERE ( `openid` = 'oA06fwFE_IryIlF9jb4LLFYnqjG0' ) LIMIT 1   [ RunTime:0.000215s ]
NOTIC: [8] Undefined index: member_id /var/www/html/JUSLAND/Wechat/Home/Controller/CommonController.class.php 第 39 行.
NOTIC: [8] Undefined index: member_name /var/www/html/JUSLAND/Wechat/Home/Controller/CommonController.class.php 第 40 行.

[ 2017-02-16T17:33:32+08:00 ] 123.113.158.110 /home/index/index.html
INFO: [ app_begin ] --START--
INFO: Run Behavior\ReadHtmlCache [ RunTime:0.000373s ]
INFO: [ app_begin ] --END-- [ RunTime:0.000647s ]
NOTIC: [8] Undefined index: open_id /var/www/html/JUSLAND/Wechat/Home/Controller/CommonController.class.php 第 14 行.
NOTIC: [8] Undefined index: code /var/www/html/JUSLAND/Wechat/Home/Controller/CommonController.class.php 第 23 行.

[ 2017-02-16T17:33:35+08:00 ] 123.113.158.110 /?code=001Ymxce0cx2yx1O2dge0ZCxce0Ymxcf&state=STATE
INFO: [ app_begin ] --START--
INFO: Run Behavior\ReadHtmlCache [ RunTime:0.000368s ]
INFO: [ app_begin ] --END-- [ RunTime:0.000643s ]
SQL: SHOW COLUMNS FROM `member` [ RunTime:0.000529s ]
SQL: SELECT * FROM `member` WHERE ( `openid` = 'oA06fwFE_IryIlF9jb4LLFYnqjG0' ) LIMIT 1   [ RunTime:0.000211s ]
NOTIC: [8] Undefined index: member_id /var/www/html/JUSLAND/Wechat/Home/Controller/CommonController.class.php 第 39 行.
NOTIC: [8] Undefined index: member_name /var/www/html/JUSLAND/Wechat/Home/Controller/CommonController.class.php 第 40 行.

[ 2017-02-16T17:33:35+08:00 ] 123.113.158.110 /home/index/index.html
INFO: [ app_begin ] --START--
INFO: Run Behavior\ReadHtmlCache [ RunTime:0.000364s ]
INFO: [ app_begin ] --END-- [ RunTime:0.000637s ]
NOTIC: [8] Undefined index: code /var/www/html/JUSLAND/Wechat/Home/Controller/CommonController.class.php 第 23 行.

[ 2017-02-16T17:33:39+08:00 ] 123.113.158.110 /?code=031uxDMP1e0lM61cwLKP1uBBMP1uxDMq&state=STATE
INFO: [ app_begin ] --START--
INFO: Run Behavior\ReadHtmlCache [ RunTime:0.000363s ]
INFO: [ app_begin ] --END-- [ RunTime:0.000641s ]
SQL: SHOW COLUMNS FROM `member` [ RunTime:0.000535s ]
SQL: SELECT * FROM `member` WHERE ( `openid` = 'oA06fwFE_IryIlF9jb4LLFYnqjG0' ) LIMIT 1   [ RunTime:0.000215s ]
NOTIC: [8] Undefined index: member_id /var/www/html/JUSLAND/Wechat/Home/Controller/CommonController.class.php 第 39 行.
NOTIC: [8] Undefined index: member_name /var/www/html/JUSLAND/Wechat/Home/Controller/CommonController.class.php 第 40 行.

[ 2017-02-16T17:33:39+08:00 ] 123.113.158.110 /home/index/index.html
INFO: [ app_begin ] --START--
INFO: Run Behavior\ReadHtmlCache [ RunTime:0.000370s ]
INFO: [ app_begin ] --END-- [ RunTime:0.000642s ]
NOTIC: [8] Undefined index: code /var/www/html/JUSLAND/Wechat/Home/Controller/CommonController.class.php 第 23 行.

[ 2017-02-16T17:33:42+08:00 ] 123.113.158.110 /?code=011XKtIq1TXFzp0GOoIq1DcdIq1XKtIh&state=STATE
INFO: [ app_begin ] --START--
INFO: Run Behavior\ReadHtmlCache [ RunTime:0.000363s ]
INFO: [ app_begin ] --END-- [ RunTime:0.000640s ]
SQL: SHOW COLUMNS FROM `member` [ RunTime:0.000529s ]
SQL: SELECT * FROM `member` WHERE ( `openid` = 'oA06fwFE_IryIlF9jb4LLFYnqjG0' ) LIMIT 1   [ RunTime:0.000211s ]
NOTIC: [8] Undefined index: member_id /var/www/html/JUSLAND/Wechat/Home/Controller/CommonController.class.php 第 39 行.
NOTIC: [8] Undefined index: member_name /var/www/html/JUSLAND/Wechat/Home/Controller/CommonController.class.php 第 40 行.

[ 2017-02-16T17:33:42+08:00 ] 123.113.158.110 /home/index/index.html
INFO: [ app_begin ] --START--
INFO: Run Behavior\ReadHtmlCache [ RunTime:0.000371s ]
INFO: [ app_begin ] --END-- [ RunTime:0.000642s ]
NOTIC: [8] Undefined index: code /var/www/html/JUSLAND/Wechat/Home/Controller/CommonController.class.php 第 23 行.

[ 2017-02-16T17:33:46+08:00 ] 123.113.158.110 /?code=051CQnyB1tTX4h0WgJvB1qoEyB1CQnyO&state=STATE
INFO: [ app_begin ] --START--
INFO: Run Behavior\ReadHtmlCache [ RunTime:0.000374s ]
INFO: [ app_begin ] --END-- [ RunTime:0.000648s ]
SQL: SHOW COLUMNS FROM `member` [ RunTime:0.000533s ]
SQL: SELECT * FROM `member` WHERE ( `openid` = 'oA06fwFE_IryIlF9jb4LLFYnqjG0' ) LIMIT 1   [ RunTime:0.000224s ]
NOTIC: [8] Undefined index: member_id /var/www/html/JUSLAND/Wechat/Home/Controller/CommonController.class.php 第 39 行.
NOTIC: [8] Undefined index: member_name /var/www/html/JUSLAND/Wechat/Home/Controller/CommonController.class.php 第 40 行.

[ 2017-02-16T17:33:46+08:00 ] 123.113.158.110 /home/index/index.html
INFO: [ app_begin ] --START--
INFO: Run Behavior\ReadHtmlCache [ RunTime:0.000373s ]
INFO: [ app_begin ] --END-- [ RunTime:0.000645s ]
NOTIC: [8] Undefined index: code /var/www/html/JUSLAND/Wechat/Home/Controller/CommonController.class.php 第 23 行.

[ 2017-02-16T17:33:50+08:00 ] 123.113.158.110 /?code=041DlZOz1QWrtg0clsNz1jLDOz1DlZOG&state=STATE
INFO: [ app_begin ] --START--
INFO: Run Behavior\ReadHtmlCache [ RunTime:0.000362s ]
INFO: [ app_begin ] --END-- [ RunTime:0.000633s ]
SQL: SHOW COLUMNS FROM `member` [ RunTime:0.000543s ]
SQL: SELECT * FROM `member` WHERE ( `openid` = 'oA06fwFE_IryIlF9jb4LLFYnqjG0' ) LIMIT 1   [ RunTime:0.000219s ]
NOTIC: [8] Undefined index: member_id /var/www/html/JUSLAND/Wechat/Home/Controller/CommonController.class.php 第 39 行.
NOTIC: [8] Undefined index: member_name /var/www/html/JUSLAND/Wechat/Home/Controller/CommonController.class.php 第 40 行.

[ 2017-02-16T17:33:50+08:00 ] 123.113.158.110 /home/index/index.html
INFO: [ app_begin ] --START--
INFO: Run Behavior\ReadHtmlCache [ RunTime:0.000371s ]
INFO: [ app_begin ] --END-- [ RunTime:0.000645s ]
NOTIC: [8] Undefined index: code /var/www/html/JUSLAND/Wechat/Home/Controller/CommonController.class.php 第 23 行.

[ 2017-02-16T17:33:54+08:00 ] 123.113.158.110 /
INFO: [ app_begin ] --START--
INFO: Run Behavior\ReadHtmlCache [ RunTime:0.000378s ]
INFO: [ app_begin ] --END-- [ RunTime:0.000650s ]
NOTIC: [8] Undefined index: code /var/www/html/JUSLAND/Wechat/Home/Controller/CommonController.class.php 第 23 行.

[ 2017-02-16T17:33:58+08:00 ] 123.113.158.110 /?code=001B52d51KC14P1OJOd51U7Mc51B52dT&state=STATE
INFO: [ app_begin ] --START--
INFO: Run Behavior\ReadHtmlCache [ RunTime:0.000363s ]
INFO: [ app_begin ] --END-- [ RunTime:0.000636s ]
SQL: SHOW COLUMNS FROM `member` [ RunTime:0.000527s ]
SQL: SELECT * FROM `member` WHERE ( `openid` = 'oA06fwFE_IryIlF9jb4LLFYnqjG0' ) LIMIT 1   [ RunTime:0.000223s ]
NOTIC: [8] Undefined index: member_id /var/www/html/JUSLAND/Wechat/Home/Controller/CommonController.class.php 第 39 行.
NOTIC: [8] Undefined index: member_name /var/www/html/JUSLAND/Wechat/Home/Controller/CommonController.class.php 第 40 行.

[ 2017-02-16T17:33:58+08:00 ] 123.113.158.110 /home/index/index.html
INFO: [ app_begin ] --START--
INFO: Run Behavior\ReadHtmlCache [ RunTime:0.000371s ]
INFO: [ app_begin ] --END-- [ RunTime:0.000640s ]
NOTIC: [8] Undefined index: code /var/www/html/JUSLAND/Wechat/Home/Controller/CommonController.class.php 第 23 行.

[ 2017-02-16T17:34:01+08:00 ] 123.113.158.110 /?code=041peHEX0V0SPY1MCbCX0EA3FX0peHEQ&state=STATE
INFO: [ app_begin ] --START--
INFO: Run Behavior\ReadHtmlCache [ RunTime:0.000369s ]
INFO: [ app_begin ] --END-- [ RunTime:0.000642s ]
SQL: SHOW COLUMNS FROM `member` [ RunTime:0.000551s ]
SQL: SELECT * FROM `member` WHERE ( `openid` = 'oA06fwFE_IryIlF9jb4LLFYnqjG0' ) LIMIT 1   [ RunTime:0.000212s ]
NOTIC: [8] Undefined index: member_id /var/www/html/JUSLAND/Wechat/Home/Controller/CommonController.class.php 第 39 行.
NOTIC: [8] Undefined index: member_name /var/www/html/JUSLAND/Wechat/Home/Controller/CommonController.class.php 第 40 行.

[ 2017-02-16T17:34:01+08:00 ] 123.113.158.110 /home/index/index.html
INFO: [ app_begin ] --START--
INFO: Run Behavior\ReadHtmlCache [ RunTime:0.000363s ]
INFO: [ app_begin ] --END-- [ RunTime:0.000634s ]
NOTIC: [8] Undefined index: code /var/www/html/JUSLAND/Wechat/Home/Controller/CommonController.class.php 第 23 行.

[ 2017-02-16T17:34:04+08:00 ] 123.113.158.110 /?code=041FELgw0GOG7g1SZNew0KMugw0FELge&state=STATE
INFO: [ app_begin ] --START--
INFO: Run Behavior\ReadHtmlCache [ RunTime:0.000374s ]
INFO: [ app_begin ] --END-- [ RunTime:0.000654s ]
SQL: SHOW COLUMNS FROM `member` [ RunTime:0.000534s ]
SQL: SELECT * FROM `member` WHERE ( `openid` = 'oA06fwFE_IryIlF9jb4LLFYnqjG0' ) LIMIT 1   [ RunTime:0.000211s ]
NOTIC: [8] Undefined index: member_id /var/www/html/JUSLAND/Wechat/Home/Controller/CommonController.class.php 第 39 行.
NOTIC: [8] Undefined index: member_name /var/www/html/JUSLAND/Wechat/Home/Controller/CommonController.class.php 第 40 行.

[ 2017-02-16T17:34:04+08:00 ] 123.113.158.110 /home/index/index.html
INFO: [ app_begin ] --START--
INFO: Run Behavior\ReadHtmlCache [ RunTime:0.000366s ]
INFO: [ app_begin ] --END-- [ RunTime:0.000636s ]
NOTIC: [8] Undefined index: code /var/www/html/JUSLAND/Wechat/Home/Controller/CommonController.class.php 第 23 行.

[ 2017-02-16T17:34:08+08:00 ] 123.113.158.110 /?code=0413jU3E1y2pq10eiw3E1zrZ3E13jU39&state=STATE
INFO: [ app_begin ] --START--
INFO: Run Behavior\ReadHtmlCache [ RunTime:0.000364s ]
INFO: [ app_begin ] --END-- [ RunTime:0.000638s ]
SQL: SHOW COLUMNS FROM `member` [ RunTime:0.000546s ]
SQL: SELECT * FROM `member` WHERE ( `openid` = 'oA06fwFE_IryIlF9jb4LLFYnqjG0' ) LIMIT 1   [ RunTime:0.000213s ]
NOTIC: [8] Undefined index: member_id /var/www/html/JUSLAND/Wechat/Home/Controller/CommonController.class.php 第 39 行.
NOTIC: [8] Undefined index: member_name /var/www/html/JUSLAND/Wechat/Home/Controller/CommonController.class.php 第 40 行.

[ 2017-02-16T17:34:08+08:00 ] 123.113.158.110 /home/index/index.html
INFO: [ app_begin ] --START--
INFO: Run Behavior\ReadHtmlCache [ RunTime:0.000367s ]
INFO: [ app_begin ] --END-- [ RunTime:0.000640s ]
NOTIC: [8] Undefined index: code /var/www/html/JUSLAND/Wechat/Home/Controller/CommonController.class.php 第 23 行.

[ 2017-02-16T17:34:12+08:00 ] 123.113.158.110 /?code=041VXU4P1iZed51Ehr3P1x6y4P1VXU4N&state=STATE
INFO: [ app_begin ] --START--
INFO: Run Behavior\ReadHtmlCache [ RunTime:0.000367s ]
INFO: [ app_begin ] --END-- [ RunTime:0.000643s ]
SQL: SHOW COLUMNS FROM `member` [ RunTime:0.000548s ]
SQL: SELECT * FROM `member` WHERE ( `openid` = 'oA06fwFE_IryIlF9jb4LLFYnqjG0' ) LIMIT 1   [ RunTime:0.000213s ]
NOTIC: [8] Undefined index: member_id /var/www/html/JUSLAND/Wechat/Home/Controller/CommonController.class.php 第 39 行.
NOTIC: [8] Undefined index: member_name /var/www/html/JUSLAND/Wechat/Home/Controller/CommonController.class.php 第 40 行.

[ 2017-02-16T17:34:12+08:00 ] 123.113.158.110 /home/index/index.html
INFO: [ app_begin ] --START--
INFO: Run Behavior\ReadHtmlCache [ RunTime:0.000366s ]
INFO: [ app_begin ] --END-- [ RunTime:0.000643s ]
NOTIC: [8] Undefined index: code /var/www/html/JUSLAND/Wechat/Home/Controller/CommonController.class.php 第 23 行.

[ 2017-02-16T17:34:17+08:00 ] 123.113.158.110 /?code=041PBlAZ0l6vz12TwTyZ0BXZzZ0PBlAg&state=STATE
INFO: [ app_begin ] --START--
INFO: Run Behavior\ReadHtmlCache [ RunTime:0.000373s ]
INFO: [ app_begin ] --END-- [ RunTime:0.000646s ]
SQL: SHOW COLUMNS FROM `member` [ RunTime:0.000529s ]
SQL: SELECT * FROM `member` WHERE ( `openid` = 'oA06fwFE_IryIlF9jb4LLFYnqjG0' ) LIMIT 1   [ RunTime:0.000222s ]
NOTIC: [8] Undefined index: member_id /var/www/html/JUSLAND/Wechat/Home/Controller/CommonController.class.php 第 39 行.
NOTIC: [8] Undefined index: member_name /var/www/html/JUSLAND/Wechat/Home/Controller/CommonController.class.php 第 40 行.

[ 2017-02-16T17:34:17+08:00 ] 123.113.158.110 /home/index/index.html
INFO: [ app_begin ] --START--
INFO: Run Behavior\ReadHtmlCache [ RunTime:0.000369s ]
INFO: [ app_begin ] --END-- [ RunTime:0.000638s ]
NOTIC: [8] Undefined index: code /var/www/html/JUSLAND/Wechat/Home/Controller/CommonController.class.php 第 23 行.

[ 2017-02-16T17:34:21+08:00 ] 123.113.158.110 /?code=031wz0FB1sDoth0poWDB1es3FB1wz0Fp&state=STATE
INFO: [ app_begin ] --START--
INFO: Run Behavior\ReadHtmlCache [ RunTime:0.000368s ]
INFO: [ app_begin ] --END-- [ RunTime:0.000651s ]
SQL: SHOW COLUMNS FROM `member` [ RunTime:0.000533s ]
SQL: SELECT * FROM `member` WHERE ( `openid` = 'oA06fwFE_IryIlF9jb4LLFYnqjG0' ) LIMIT 1   [ RunTime:0.000221s ]
NOTIC: [8] Undefined index: member_id /var/www/html/JUSLAND/Wechat/Home/Controller/CommonController.class.php 第 39 行.
NOTIC: [8] Undefined index: member_name /var/www/html/JUSLAND/Wechat/Home/Controller/CommonController.class.php 第 40 行.

[ 2017-02-16T17:34:21+08:00 ] 123.113.158.110 /home/index/index.html
INFO: [ app_begin ] --START--
INFO: Run Behavior\ReadHtmlCache [ RunTime:0.000372s ]
INFO: [ app_begin ] --END-- [ RunTime:0.000645s ]
NOTIC: [8] Undefined index: code /var/www/html/JUSLAND/Wechat/Home/Controller/CommonController.class.php 第 23 行.

[ 2017-02-16T17:34:25+08:00 ] 123.113.158.110 /?code=051xGFj72nJHPM0CSul72WPpj72xGFjl&state=STATE
INFO: [ app_begin ] --START--
INFO: Run Behavior\ReadHtmlCache [ RunTime:0.000367s ]
INFO: [ app_begin ] --END-- [ RunTime:0.000649s ]
SQL: SHOW COLUMNS FROM `member` [ RunTime:0.000535s ]
SQL: SELECT * FROM `member` WHERE ( `openid` = 'oA06fwFE_IryIlF9jb4LLFYnqjG0' ) LIMIT 1   [ RunTime:0.000211s ]

[ 2017-02-16T17:34:30+08:00 ] 123.113.158.110 /
INFO: [ app_begin ] --START--
INFO: Run Behavior\ReadHtmlCache [ RunTime:0.000376s ]
INFO: [ app_begin ] --END-- [ RunTime:0.000652s ]
NOTIC: [8] Undefined index: code /var/www/html/JUSLAND/Wechat/Home/Controller/CommonController.class.php 第 23 行.

[ 2017-02-16T17:34:35+08:00 ] 123.113.158.110 /?code=021fguQf1vXLYv0ba8Nf1BN3Qf1fguQP&state=STATE
INFO: [ app_begin ] --START--
INFO: Run Behavior\ReadHtmlCache [ RunTime:0.000373s ]
INFO: [ app_begin ] --END-- [ RunTime:0.000646s ]
SQL: SHOW COLUMNS FROM `member` [ RunTime:0.000536s ]
SQL: SELECT * FROM `member` WHERE ( `openid` = 'oA06fwFE_IryIlF9jb4LLFYnqjG0' ) LIMIT 1   [ RunTime:0.000224s ]

[ 2017-02-16T17:35:06+08:00 ] 123.113.158.110 /
INFO: [ app_begin ] --START--
INFO: Run Behavior\ReadHtmlCache [ RunTime:0.000373s ]
INFO: [ app_begin ] --END-- [ RunTime:0.000646s ]
NOTIC: [8] Undefined index: code /var/www/html/JUSLAND/Wechat/Home/Controller/CommonController.class.php 第 23 行.

[ 2017-02-16T17:35:10+08:00 ] 123.113.158.110 /?code=001bi0po0Q9Koq1hyaoo0jtmpo0bi0pO&state=STATE
INFO: [ app_begin ] --START--
INFO: Run Behavior\ReadHtmlCache [ RunTime:0.000369s ]
INFO: [ app_begin ] --END-- [ RunTime:0.000664s ]
SQL: SHOW COLUMNS FROM `member` [ RunTime:0.000553s ]
SQL: SELECT * FROM `member` WHERE ( `openid` = 'oA06fwFE_IryIlF9jb4LLFYnqjG0' ) LIMIT 1   [ RunTime:0.000215s ]
NOTIC: [8] Undefined index: member_id /var/www/html/JUSLAND/Wechat/Home/Controller/CommonController.class.php 第 39 行.
NOTIC: [8] Undefined index: member_name /var/www/html/JUSLAND/Wechat/Home/Controller/CommonController.class.php 第 40 行.

[ 2017-02-16T17:35:54+08:00 ] 123.113.158.110 /
INFO: [ app_begin ] --START--
INFO: Run Behavior\ReadHtmlCache [ RunTime:0.000373s ]
INFO: [ app_begin ] --END-- [ RunTime:0.000645s ]
NOTIC: [8] Undefined index: code /var/www/html/JUSLAND/Wechat/Home/Controller/CommonController.class.php 第 23 行.

[ 2017-02-16T17:35:58+08:00 ] 123.113.158.110 /?code=031K7PGI0vnKil20RgGI0sz7HI0K7PGa&state=STATE
INFO: [ app_begin ] --START--
INFO: Run Behavior\ReadHtmlCache [ RunTime:0.000364s ]
INFO: [ app_begin ] --END-- [ RunTime:0.000635s ]
SQL: SHOW COLUMNS FROM `member` [ RunTime:0.000537s ]
SQL: SELECT * FROM `member` WHERE ( `openid` = 'oA06fwFE_IryIlF9jb4LLFYnqjG0' ) LIMIT 1   [ RunTime:0.000210s ]

[ 2017-02-16T17:36:11+08:00 ] 123.113.158.110 /
INFO: [ app_begin ] --START--
INFO: Run Behavior\ReadHtmlCache [ RunTime:0.000371s ]
INFO: [ app_begin ] --END-- [ RunTime:0.000641s ]

[ 2017-02-16T17:45:28+08:00 ] 123.113.158.110 /
INFO: [ app_begin ] --START--
INFO: Run Behavior\ReadHtmlCache [ RunTime:0.000376s ]
INFO: [ app_begin ] --END-- [ RunTime:0.000647s ]

[ 2017-02-16T17:45:47+08:00 ] 123.113.158.110 /
INFO: [ app_begin ] --START--
INFO: Run Behavior\ReadHtmlCache [ RunTime:0.000372s ]
INFO: [ app_begin ] --END-- [ RunTime:0.000647s ]
NOTIC: [8] Undefined index: member_id /var/www/html/JUSLAND/Wechat/Home/Controller/CommonController.class.php 第 14 行.
NOTIC: [8] Undefined index: code /var/www/html/JUSLAND/Wechat/Home/Controller/CommonController.class.php 第 23 行.

[ 2017-02-16T17:46:01+08:00 ] 123.113.158.110 /?code=021fkKR109zD3D1xJDQ10UzVR10fkKRO&state=STATE
INFO: [ app_begin ] --START--
INFO: Run Behavior\ReadHtmlCache [ RunTime:0.000373s ]
INFO: [ app_begin ] --END-- [ RunTime:0.000647s ]
NOTIC: [8] Undefined index: member_id /var/www/html/JUSLAND/Wechat/Home/Controller/CommonController.class.php 第 14 行.
SQL: SHOW COLUMNS FROM `member` [ RunTime:0.000539s ]
SQL: SELECT * FROM `member` WHERE ( `openid` = 'oA06fwFE_IryIlF9jb4LLFYnqjG0' ) LIMIT 1   [ RunTime:0.000213s ]

[ 2017-02-16T17:46:01+08:00 ] 123.113.158.110 /home/index/index.html
INFO: [ app_begin ] --START--
INFO: Run Behavior\ReadHtmlCache [ RunTime:0.000372s ]
INFO: [ app_begin ] --END-- [ RunTime:0.000642s ]
INFO: [ view_parse ] --START--
INFO: [ template_filter ] --START--
INFO: Run Behavior\ContentReplace [ RunTime:0.000029s ]
INFO: [ template_filter ] --END-- [ RunTime:0.000084s ]
INFO: Run Behavior\ParseTemplate [ RunTime:0.004496s ]
INFO: [ view_parse ] --END-- [ RunTime:0.004547s ]
INFO: [ view_filter ] --START--
INFO: Run Behavior\WriteHtmlCache [ RunTime:0.000090s ]
INFO: [ view_filter ] --END-- [ RunTime:0.000134s ]
INFO: [ app_end ] --START--
INFO: Run Behavior\ShowPageTrace [ RunTime:0.000396s ]
INFO: [ app_end ] --END-- [ RunTime:0.000444s ]

[ 2017-02-16T17:46:32+08:00 ] 123.113.158.110 /home/index/index.html
INFO: [ app_begin ] --START--
INFO: Run Behavior\ReadHtmlCache [ RunTime:0.000374s ]
INFO: [ app_begin ] --END-- [ RunTime:0.000649s ]
INFO: [ view_parse ] --START--
INFO: [ template_filter ] --START--
INFO: Run Behavior\ContentReplace [ RunTime:0.000028s ]
INFO: [ template_filter ] --END-- [ RunTime:0.000084s ]
INFO: Run Behavior\ParseTemplate [ RunTime:0.004531s ]
INFO: [ view_parse ] --END-- [ RunTime:0.004582s ]
INFO: [ view_filter ] --START--
INFO: Run Behavior\WriteHtmlCache [ RunTime:0.000092s ]
INFO: [ view_filter ] --END-- [ RunTime:0.000137s ]
INFO: [ app_end ] --START--
INFO: Run Behavior\ShowPageTrace [ RunTime:0.000397s ]
INFO: [ app_end ] --END-- [ RunTime:0.000446s ]

[ 2017-02-16T17:46:59+08:00 ] 123.113.158.110 /home/index/index.html
INFO: [ app_begin ] --START--
INFO: Run Behavior\ReadHtmlCache [ RunTime:0.000363s ]
INFO: [ app_begin ] --END-- [ RunTime:0.000634s ]
INFO: [ view_parse ] --START--
INFO: [ template_filter ] --START--
INFO: Run Behavior\ContentReplace [ RunTime:0.000028s ]
INFO: [ template_filter ] --END-- [ RunTime:0.000089s ]
INFO: Run Behavior\ParseTemplate [ RunTime:0.004550s ]
INFO: [ view_parse ] --END-- [ RunTime:0.004611s ]
INFO: [ view_filter ] --START--
INFO: Run Behavior\WriteHtmlCache [ RunTime:0.000093s ]
INFO: [ view_filter ] --END-- [ RunTime:0.000139s ]
INFO: [ app_end ] --START--
INFO: Run Behavior\ShowPageTrace [ RunTime:0.000398s ]
INFO: [ app_end ] --END-- [ RunTime:0.000446s ]

[ 2017-02-16T17:47:00+08:00 ] 123.113.158.110 /home/index/index.html
INFO: [ app_begin ] --START--
INFO: Run Behavior\ReadHtmlCache [ RunTime:0.000368s ]
INFO: [ app_begin ] --END-- [ RunTime:0.000643s ]
INFO: [ view_parse ] --START--
INFO: [ template_filter ] --START--
INFO: Run Behavior\ContentReplace [ RunTime:0.000028s ]
INFO: [ template_filter ] --END-- [ RunTime:0.000084s ]
INFO: Run Behavior\ParseTemplate [ RunTime:0.004529s ]
INFO: [ view_parse ] --END-- [ RunTime:0.004581s ]
INFO: [ view_filter ] --START--
INFO: Run Behavior\WriteHtmlCache [ RunTime:0.000098s ]
INFO: [ view_filter ] --END-- [ RunTime:0.000144s ]
INFO: [ app_end ] --START--
INFO: Run Behavior\ShowPageTrace [ RunTime:0.000384s ]
INFO: [ app_end ] --END-- [ RunTime:0.000432s ]

[ 2017-02-16T19:00:11+08:00 ] 123.151.138.60 /home/media/text/type/1/id/3.html
INFO: [ app_begin ] --START--
INFO: Run Behavior\ReadHtmlCache [ RunTime:0.000372s ]
INFO: [ app_begin ] --END-- [ RunTime:0.000646s ]
ERR: 无法加载控制器:Media

[ 2017-02-16T19:00:26+08:00 ] 101.226.64.177 /home/media/text/type/1/id/3.html
INFO: [ app_begin ] --START--
INFO: Run Behavior\ReadHtmlCache [ RunTime:0.000362s ]
INFO: [ app_begin ] --END-- [ RunTime:0.000640s ]
ERR: 无法加载控制器:Media

[ 2017-02-16T19:00:51+08:00 ] 183.202.49.106 /home/media/text/type/1/id/3.html
INFO: [ app_begin ] --START--
INFO: Run Behavior\ReadHtmlCache [ RunTime:0.000363s ]
INFO: [ app_begin ] --END-- [ RunTime:0.000639s ]
ERR: 无法加载控制器:Media

